#
# A fatal error has been detected by the Java Runtime Environment:
#
#  EXCEPTION_ACCESS_VIOLATION (0xc0000005) at pc=0x00007ffe7a330c1c, pid=19564, tid=4140
#
# JRE version: Java(TM) SE Runtime Environment (9.0+11) (build 9.0.4+11)
# Java VM: Java HotSpot(TM) 64-Bit Server VM (9.0.4+11, mixed mode, tiered, compressed oops, g1 gc, windows-amd64)
# Problematic frame:
# C  [librdi_filemgmt.dll+0x130c1c]
#
# No core dump will be written. Minidumps are not enabled by default on client versions of Windows
#
# If you would like to submit a bug report, please visit:
#   http://bugreport.java.com/bugreport/crash.jsp
# The crash happened outside the Java Virtual Machine in native code.
# See problematic frame for where to report the bug.
#

---------------  S U M M A R Y ------------

Command Line: -Dsun.java2d.pmoffscreen=false -Dsun.java2d.xrender=false -Dsun.java2d.d3d=false -Dsun.awt.nopixfmt=true -Dsun.java2d.dpiaware=true -Dsun.java2d.uiScale.enabled=false -Xverify:none -Dswing.aatext=true -XX:-UsePerfData -Djdk.map.althashing.threshold=512 -XX:StringTableSize=4072 --add-opens=java.base/java.nio=ALL-UNNAMED --add-opens=java.desktop/sun.swing=ALL-UNNAMED --add-opens=java.desktop/javax.swing=ALL-UNNAMED --add-opens=java.desktop/javax.swing.tree=ALL-UNNAMED --add-opens=java.desktop/javax.swing.plaf.basic=ALL-UNNAMED --add-opens=java.desktop/javax.swing.plaf.synth=ALL-UNNAMED --add-opens=java.desktop/com.sun.awt=ALL-UNNAMED -XX:NewSize=60m -XX:MaxNewSize=60m -Xms128m -Xmx3072m -Xss5m 

Host: Intel(R) Core(TM) i7-8550U CPU @ 1.80GHz, 8 cores, 15G,  Windows 10 , 64 bit Build 18362 (10.0.18362.329)
Time: Tue Mar 10 09:34:22 2020 ?D1¨²¡À¨º¡Á?¨º¡À?? elapsed time: 42 seconds (0d 0h 0m 42s)

---------------  T H R E A D  ---------------

Current thread (0x000001f04c40c800):  JavaThread "AWT-EventQueue-1" [_thread_in_native, id=4140, stack(0x000000897c900000,0x000000897ce00000)]

Stack: [0x000000897c900000,0x000000897ce00000],  sp=0x000000897cdfccb0,  free space=5107k
Native frames: (J=compiled Java code, j=interpreted, Vv=VM code, C=native code)
C  [librdi_filemgmt.dll+0x130c1c]
C  0x000001f03cba8fba

Java frames: (J=compiled Java code, j=interpreted, Vv=VM code)
J 11971  ui.data.design.dai.SrcFile_getFullPath(J)Ljava/lang/String; (0 bytes) @ 0x000001f03cba8f21 [0x000001f03cba8ee0+0x0000000000000041]
j  ui.data.design.X.ajt()Ljava/lang/String;+4
j  ui.data.design.X.getFile()Ljava/io/File;+5
j  ui.data.X.c(Lui/data/bp;)Z+17
j  ui.views.cx.a(Lui/views/cD;)V+46
j  ui.views.bA.a(Lui/views/cD;)V+2
j  ui.data.B.a(Lui/data/ah;Lui/frmwork/b/a;)V+106
j  ui.data.ag.a(Lui/frmwork/b/a;)V+5
j  ui.frmwork.b.c.g(Lui/frmwork/b/a;)V+66
j  ui.frmwork.b.c.b(Lui/frmwork/b/a;)V+31
j  ui.project.r.b(Lui/frmwork/b/a;)V+5
j  ui.data.design.o.aha()V+234
j  ui.data.design.o.e(Lui/data/design/o;)V+1
j  ui.data.design.p.da()V+73
j  ui.utils.C.actionPerformed(Ljava/awt/event/ActionEvent;)V+8
J 12826 c1 javax.swing.Timer.fireActionPerformed(Ljava/awt/event/ActionEvent;)V java.desktop@9.0.4 (46 bytes) @ 0x000001f036c29b44 [0x000001f036c29880+0x00000000000002c4]
j  ui.utils.B.fireActionPerformed(Ljava/awt/event/ActionEvent;)V+28
J 12820 c1 javax.swing.Timer$DoPostEvent.run()V java.desktop@9.0.4 (82 bytes) @ 0x000001f036c284cc [0x000001f036c27c80+0x000000000000084c]
J 13495 c2 java.awt.EventQueue$3.run()Ljava/lang/Object; java.desktop@9.0.4 (5 bytes) @ 0x000001f03c6a3c04 [0x000001f03c6a3b00+0x0000000000000104]
v  ~StubRoutines::call_stub
J 7533  java.security.AccessController.doPrivileged(Ljava/security/PrivilegedAction;Ljava/security/AccessControlContext;)Ljava/lang/Object; java.base@9.0.4 (0 bytes) @ 0x000001f03c3f0146 [0x000001f03c3f00e0+0x0000000000000066]
J 13484 c2 ui.frmwork.b.d.dispatchEvent(Ljava/awt/AWTEvent;)V (34 bytes) @ 0x000001f03c694f0c [0x000001f03c6949a0+0x000000000000056c]
J 13498 c2 java.awt.EventDispatchThread.pumpOneEventForFilters(I)V java.desktop@9.0.4 (218 bytes) @ 0x000001f03cda7968 [0x000001f03cda6d00+0x0000000000000c68]
j  java.awt.EventDispatchThread.pumpEventsForFilter(ILjava/awt/Conditional;Ljava/awt/EventFilter;)V+35 java.desktop@9.0.4
j  java.awt.EventDispatchThread.pumpEventsForHierarchy(ILjava/awt/Conditional;Ljava/awt/Component;)V+11 java.desktop@9.0.4
j  java.awt.EventDispatchThread.pumpEvents(ILjava/awt/Conditional;)V+4 java.desktop@9.0.4
j  java.awt.EventDispatchThread.pumpEvents(Ljava/awt/Conditional;)V+3 java.desktop@9.0.4
j  java.awt.EventDispatchThread.run()V+9 java.desktop@9.0.4
v  ~StubRoutines::call_stub

siginfo: EXCEPTION_ACCESS_VIOLATION (0xc0000005), reading address 0x000001a00000001f


Register to memory mapping:

RIP=0x00007ffe7a330c1c librdi_filemgmt.dll
RAX=0x000001a000000017 is an unknown value
RBX={method} {0x000001f052138d18} 'SrcFile_getFullPath' '(J)Ljava/lang/String;' in 'ui/data/design/dai'
RCX=0x000001f027b22910 is an unknown value
RDX=0x000000897cdfcde0 is pointing into the stack for thread: 0x000001f04c40c800
RSP=0x000000897cdfccb0 is pointing into the stack for thread: 0x000001f04c40c800
RBP=0x000000897cdfcdf0 is pointing into the stack for thread: 0x000001f04c40c800
RSI=0x000001f04c40ca18 is an unknown value
RDI=0x0000000000000230 is an unknown value
R8 =0x000001f027b22910 is an unknown value
R9 =0x000000070708bef8 is an oop
java.util.Stack 
{0x000000070708bef8} - klass: 'java/util/Stack'
R10=0x00007ffe7a330be0 librdi_filemgmt.dll
R11=0x000001f03cba8ef8 is at entry_point+24 in (nmethod*)0x000001f03cba8d10
R12=0x0000000000000000 is an unknown value
R13=0x000000897cdfce10 is pointing into the stack for thread: 0x000001f04c40c800
R14=0x000000897cdfcde0 is pointing into the stack for thread: 0x000001f04c40c800
R15=0x000001f04c40c800 is a thread


Registers:
RAX=0x000001a000000017, RBX=0x000001f052138d10, RCX=0x000001f027b22910, RDX=0x000000897cdfcde0
RSP=0x000000897cdfccb0, RBP=0x000000897cdfcdf0, RSI=0x000001f04c40ca18, RDI=0x0000000000000230
R8 =0x000001f027b22910, R9 =0x000000070708bef8, R10=0x00007ffe7a330be0, R11=0x000001f03cba8ef8
R12=0x0000000000000000, R13=0x000000897cdfce10, R14=0x000000897cdfcde0, R15=0x000001f04c40c800
RIP=0x00007ffe7a330c1c, EFLAGS=0x0000000000010206

Top of Stack: (sp=0x000000897cdfccb0)
0x000000897cdfccb0:   0000000000000000 000000e300000185
0x000000897cdfccc0:   00000007010047b0 000000070320d680
0x000000897cdfccd0:   000001f04c40ca18 fffffffffffffffe
0x000000897cdfcce0:   0000000000000019 000001f04f4972a8
0x000000897cdfccf0:   0000000000000000 0000000701149448
0x000000897cdfcd00:   000000897cdfce40 000001f036c2595c
0x000000897cdfcd10:   000000897cdfcd38 000000897cdfcd90
0x000000897cdfcd20:   000001f03480b603 0000000000000000
0x000000897cdfcd30:   0000000703219c10 0000000000000001
0x000000897cdfcd40:   000000070321e3e8 000000897cdfcd48
0x000000897cdfcd50:   000001f04f49412e 000000897cdfcdf0
0x000000897cdfcd60:   000000897cdfce40 000001f036d7693c
0x000000897cdfcd70:   0000000701149448 0000437ed7232eeb
0x000000897cdfcd80:   0000000000000230 000001f03cba8fba
0x000000897cdfcd90:   000000897cdfce40 000001f052138d10
0x000000897cdfcda0:   0000000000000000 0000000000000000 

Instructions: (pc=0x00007ffe7a330c1c)
0x00007ffe7a330bfc:   48 8b 05 5d a8 49 00 48 33 c4 48 89 84 24 c8 00
0x00007ffe7a330c0c:   00 00 48 8b f1 48 89 4c 24 20 49 8b 00 49 8b c8
0x00007ffe7a330c1c:   ff 50 08 90 48 c7 44 24 78 07 00 00 00 33 c9 48
0x00007ffe7a330c2c:   89 4c 24 70 66 89 4c 24 60 48 8d 54 24 60 48 8b 



---------------  P R O C E S S  ---------------

Java Threads: ( => current thread )
  0x000001f04fe18000 JavaThread "Image Animator 0" daemon [_thread_blocked, id=15364, stack(0x0000008901100000,0x0000008901600000)]
  0x000001f04fe17000 JavaThread "SyntheticaAnimation 50" daemon [_thread_blocked, id=15648, stack(0x0000008900a00000,0x0000008900f00000)]
  0x000001f04fe16800 JavaThread "Image Fetcher 3" daemon [_thread_blocked, id=19848, stack(0x0000008900500000,0x0000008900a00000)]
  0x000001f04fe15000 JavaThread "hw_ila_monitor" [_thread_blocked, id=14188, stack(0x0000008900000000,0x0000008900500000)]
  0x000001f04fe10800 JavaThread "Update Runs Swing Worker" [_thread_blocked, id=19624, stack(0x000000897f900000,0x000000897fe00000)]
  0x000001f02c3a3800 JavaThread "Refresh Filesets Swing Worker" [_thread_blocked, id=8844, stack(0x000000897f400000,0x000000897f900000)]
  0x000001f02c3a7000 JavaThread "SyntheticaAnimation 70" daemon [_thread_blocked, id=4248, stack(0x000000897ef00000,0x000000897f400000)]
  0x000001f02c3a2000 JavaThread "SyntheticaAnimation 25" daemon [_thread_blocked, id=19420, stack(0x000000897e500000,0x000000897ea00000)]
  0x000001f02c3a6800 JavaThread "SyntheticaAnimation 50" daemon [_thread_blocked, id=18792, stack(0x000000897e000000,0x000000897e500000)]
  0x000001f02c3a0800 JavaThread "Monitor HEventQueue" [_thread_blocked, id=21240, stack(0x000000897db00000,0x000000897e000000)]
  0x000001f02c3a5800 JavaThread "Batik CleanerThread" daemon [_thread_blocked, id=9188, stack(0x000000897d300000,0x000000897d800000)]
  0x000001f02c3a1000 JavaThread "SyntheticaCleanerThread" daemon [_thread_blocked, id=17172, stack(0x000000897bf00000,0x000000897c400000)]
=>0x000001f04c40c800 JavaThread "AWT-EventQueue-1" [_thread_in_native, id=4140, stack(0x000000897c900000,0x000000897ce00000)]
  0x000001f04bad0000 JavaThread "Process Messages" [_thread_blocked, id=14244, stack(0x000000897c400000,0x000000897c900000)]
  0x000001f02830a800 JavaThread "Thread-1" [_thread_in_native, id=19088, stack(0x0000008975200000,0x0000008976600000)]
  0x000001f04c54d800 JavaThread "TimerQueue" daemon [_thread_blocked, id=10748, stack(0x000000897b500000,0x000000897ba00000)]
  0x000001f028689000 JavaThread "AWT-Windows" daemon [_thread_in_native, id=7840, stack(0x000000897b000000,0x000000897b500000)]
  0x000001f04b9e9000 JavaThread "AWT-Shutdown" [_thread_blocked, id=17672, stack(0x000000897ab00000,0x000000897b000000)]
  0x000001f04b9e8800 JavaThread "Java2D Disposer" daemon [_thread_blocked, id=9096, stack(0x000000897a600000,0x000000897ab00000)]
  0x000001f027f3c800 JavaThread "Service Thread" daemon [_thread_blocked, id=21364, stack(0x000000897a000000,0x000000897a500000)]
  0x000001f027e96800 JavaThread "Common-Cleaner" daemon [_thread_blocked, id=19628, stack(0x0000008979b00000,0x000000897a000000)]
  0x000001f02c3a4000 JavaThread "Sweeper thread" daemon [_thread_blocked, id=15072, stack(0x0000008979600000,0x0000008979b00000)]
  0x000001f02c434000 JavaThread "C1 CompilerThread3" daemon [_thread_blocked, id=20972, stack(0x0000008979500000,0x0000008979600000)]
  0x000001f02c433800 JavaThread "C2 CompilerThread2" daemon [_thread_blocked, id=19976, stack(0x0000008979400000,0x0000008979500000)]
  0x000001f02ccd5000 JavaThread "C2 CompilerThread1" daemon [_thread_in_native, id=5756, stack(0x0000008979300000,0x0000008979400000)]
  0x000001f02ccd4800 JavaThread "C2 CompilerThread0" daemon [_thread_blocked, id=20084, stack(0x0000008979200000,0x0000008979300000)]
  0x000001f02caab000 JavaThread "Attach Listener" daemon [_thread_blocked, id=22276, stack(0x0000008978d00000,0x0000008979200000)]
  0x000001f02caaa800 JavaThread "Signal Dispatcher" daemon [_thread_blocked, id=20544, stack(0x0000008978800000,0x0000008978d00000)]
  0x000001f02c492800 JavaThread "Finalizer" daemon [_thread_blocked, id=15056, stack(0x0000008978300000,0x0000008978800000)]
  0x000001f02d032800 JavaThread "Reference Handler" daemon [_thread_blocked, id=11588, stack(0x0000008977e00000,0x0000008978300000)]
  0x000001f02d2f1800 JavaThread "main" [_thread_blocked, id=924, stack(0x0000008975100000,0x0000008975200000)]

Other Threads:
  0x000001f02cce8800 VMThread "VM Thread" [stack: 0x0000008977d00000,0x0000008977e00000] [id=1008]
  0x000001f027f5f000 WatcherThread [stack: 0x000000897a500000,0x000000897a600000] [id=14184]
  0x000001f027076000 GCTaskThread "GC Thread#0" [stack: 0x0000008976900000,0x0000008976a00000] [id=22176]
  0x000001f02c471000 GCTaskThread "GC Thread#1" [stack: 0x0000008976a00000,0x0000008976b00000] [id=19692]
  0x000001f02c77d000 GCTaskThread "GC Thread#2" [stack: 0x0000008976b00000,0x0000008976c00000] [id=18700]
  0x000001f02776a000 GCTaskThread "GC Thread#3" [stack: 0x0000008976c00000,0x0000008976d00000] [id=20968]
  0x000001f027020800 GCTaskThread "GC Thread#4" [stack: 0x0000008976d00000,0x0000008976e00000] [id=20524]
  0x000001f027d87800 GCTaskThread "GC Thread#5" [stack: 0x0000008976e00000,0x0000008976f00000] [id=20840]
  0x000001f027d89000 GCTaskThread "GC Thread#6" [stack: 0x0000008976f00000,0x0000008977000000] [id=13584]
  0x000001f027d89800 GCTaskThread "GC Thread#7" [stack: 0x0000008977000000,0x0000008977100000] [id=22428]
  0x000001f02d1c1800 ConcurrentGCThread "G1 Main Marker" [stack: 0x0000008977a00000,0x0000008977b00000] [id=6088]
  0x000001f027d8c000 ConcurrentGCThread "G1 Marker#0" [stack: 0x0000008977b00000,0x0000008977c00000] [id=20196]
  0x000001f027d8c800 ConcurrentGCThread "G1 Marker#1" [stack: 0x0000008977c00000,0x0000008977d00000] [id=8528]
  0x000001f027cb2800 ConcurrentGCThread "G1 Refine#0" [stack: 0x0000008977800000,0x0000008977900000] [id=22280]
  0x000001f027cb7800 ConcurrentGCThread "G1 Refine#1" [stack: 0x0000008977700000,0x0000008977800000] [id=21556]
  0x000001f027cb5000 ConcurrentGCThread "G1 Refine#2" [stack: 0x0000008977600000,0x0000008977700000] [id=22096]
  0x000001f027cb7000 ConcurrentGCThread "G1 Refine#3" [stack: 0x0000008977500000,0x0000008977600000] [id=22104]
  0x000001f026e2b000 ConcurrentGCThread "G1 Refine#4" [stack: 0x0000008977400000,0x0000008977500000] [id=22108]
  0x000001f02750b000 ConcurrentGCThread "G1 Refine#5" [stack: 0x0000008977300000,0x0000008977400000] [id=22064]
  0x000001f02750a800 ConcurrentGCThread "G1 Refine#6" [stack: 0x0000008977200000,0x0000008977300000] [id=11428]
  0x000001f0273a8000 ConcurrentGCThread "G1 Refine#7" [stack: 0x0000008977100000,0x0000008977200000] [id=21808]
  0x000001f02776e800 ConcurrentGCThread "G1 Young RemSet Sampling" [stack: 0x0000008977900000,0x0000008977a00000] [id=18256]

Threads with active compile tasks:
C2 CompilerThread113514       4       ui.utils.o.aj::e (107 bytes)

VM state:not at safepoint (normal execution)

VM Mutex/Monitor currently owned by a thread: None

Heap address: 0x0000000700000000, size: 3072 MB, Compressed Oops mode: Zero based, Oop shift amount: 3
Narrow klass base: 0x0000000000000000, Narrow klass shift: 3
Compressed class space size: 1073741824 Address: 0x00000007c0000000

Heap:
 garbage-first heap   total 172032K, used 59818K [0x0000000700000000, 0x0000000700100540, 0x00000007c0000000)
  region size 1024K, 8 young (8192K), 4 survivors (4096K)
 Metaspace       used 72197K, capacity 77068K, committed 77468K, reserved 1116160K
  class space    used 9958K, capacity 10834K, committed 10952K, reserved 1048576K
Heap Regions: E=young(eden), S=young(survivor), O=old, HS=humongous(starts), HC=humongous(continues), CS=collection set, F=free, A=archive, TS=gc time stamp, AC=allocation context, TAMS=top-at-mark-start (previous, next)
|   0|0x0000000700000000, 0x00000007000ffff0, 0x0000000700100000| 99%| O|  |TS  0|AC  0|TAMS 0x0000000700000000, 0x0000000700000000|
|   1|0x0000000700100000, 0x0000000700200000, 0x0000000700200000|100%|HS|  |TS  0|AC  0|TAMS 0x0000000700100000, 0x0000000700100000|
|   2|0x0000000700200000, 0x0000000700300000, 0x0000000700300000|100%|HC|  |TS  0|AC  0|TAMS 0x0000000700200000, 0x0000000700200000|
|   3|0x0000000700300000, 0x0000000700400000, 0x0000000700400000|100%|HS|  |TS  0|AC  0|TAMS 0x0000000700300000, 0x0000000700300000|
|   4|0x0000000700400000, 0x00000007004fffb8, 0x0000000700500000| 99%| O|  |TS  0|AC  0|TAMS 0x0000000700400000, 0x0000000700400000|
|   5|0x0000000700500000, 0x00000007005ffff0, 0x0000000700600000| 99%| O|  |TS  0|AC  0|TAMS 0x0000000700500000, 0x0000000700500000|
|   6|0x0000000700600000, 0x00000007006ffff0, 0x0000000700700000| 99%| O|  |TS  0|AC  0|TAMS 0x0000000700600000, 0x0000000700600000|
|   7|0x0000000700700000, 0x00000007007e0550, 0x0000000700800000| 87%| O|  |TS  0|AC  0|TAMS 0x0000000700700000, 0x0000000700700000|
|   8|0x0000000700800000, 0x00000007008fff20, 0x0000000700900000| 99%| O|  |TS  0|AC  0|TAMS 0x0000000700800000, 0x0000000700800000|
|   9|0x0000000700900000, 0x00000007009d02b8, 0x0000000700a00000| 81%| O|  |TS  0|AC  0|TAMS 0x0000000700900000, 0x0000000700900000|
|  10|0x0000000700a00000, 0x0000000700afede0, 0x0000000700b00000| 99%| O|  |TS  0|AC  0|TAMS 0x0000000700a00000, 0x0000000700a00000|
|  11|0x0000000700b00000, 0x0000000700bf83a0, 0x0000000700c00000| 96%| O|  |TS  0|AC  0|TAMS 0x0000000700b00000, 0x0000000700b00000|
|  12|0x0000000700c00000, 0x0000000700cf5d80, 0x0000000700d00000| 96%| O|  |TS  0|AC  0|TAMS 0x0000000700c00000, 0x0000000700c00000|
|  13|0x0000000700d00000, 0x0000000700df6908, 0x0000000700e00000| 96%| O|  |TS  0|AC  0|TAMS 0x0000000700d00000, 0x0000000700d00000|
|  14|0x0000000700e00000, 0x0000000700efe208, 0x0000000700f00000| 99%| O|  |TS  0|AC  0|TAMS 0x0000000700e00000, 0x0000000700e00000|
|  15|0x0000000700f00000, 0x0000000701000000, 0x0000000701000000|100%| O|  |TS  0|AC  0|TAMS 0x0000000700f00000, 0x0000000700f00000|
|  16|0x0000000701000000, 0x0000000701100000, 0x0000000701100000|100%| O|  |TS  0|AC  0|TAMS 0x0000000701000000, 0x0000000701000000|
|  17|0x0000000701100000, 0x00000007011fffc8, 0x0000000701200000| 99%| O|  |TS  0|AC  0|TAMS 0x0000000701100000, 0x0000000701100000|
|  18|0x0000000701200000, 0x0000000701300000, 0x0000000701300000|100%| O|  |TS  0|AC  0|TAMS 0x0000000701200000, 0x0000000701200000|
|  19|0x0000000701300000, 0x00000007013f67d8, 0x0000000701400000| 96%| O|  |TS  0|AC  0|TAMS 0x0000000701300000, 0x0000000701300000|
|  20|0x0000000701400000, 0x00000007014ffff0, 0x0000000701500000| 99%| O|  |TS  0|AC  0|TAMS 0x0000000701400000, 0x0000000701400000|
|  21|0x0000000701500000, 0x00000007015ffe20, 0x0000000701600000| 99%| O|  |TS  0|AC  0|TAMS 0x0000000701500000, 0x0000000701500000|
|  22|0x0000000701600000, 0x00000007016fa018, 0x0000000701700000| 97%| O|  |TS  0|AC  0|TAMS 0x0000000701600000, 0x0000000701600000|
|  23|0x0000000701700000, 0x00000007017fffe0, 0x0000000701800000| 99%| O|  |TS  0|AC  0|TAMS 0x0000000701700000, 0x0000000701700000|
|  24|0x0000000701800000, 0x00000007018fffe8, 0x0000000701900000| 99%| O|  |TS  0|AC  0|TAMS 0x0000000701800000, 0x0000000701800000|
|  25|0x0000000701900000, 0x00000007019fffe8, 0x0000000701a00000| 99%| O|  |TS  0|AC  0|TAMS 0x0000000701900000, 0x0000000701900000|
|  26|0x0000000701a00000, 0x0000000701afffe8, 0x0000000701b00000| 99%| O|  |TS  0|AC  0|TAMS 0x0000000701a00000, 0x0000000701a00000|
|  27|0x0000000701b00000, 0x0000000701bffff0, 0x0000000701c00000| 99%| O|  |TS  0|AC  0|TAMS 0x0000000701b00000, 0x0000000701b00000|
|  28|0x0000000701c00000, 0x0000000701cffff0, 0x0000000701d00000| 99%| O|  |TS  0|AC  0|TAMS 0x0000000701c00000, 0x0000000701c00000|
|  29|0x0000000701d00000, 0x0000000701dffff8, 0x0000000701e00000| 99%| O|  |TS  0|AC  0|TAMS 0x0000000701d00000, 0x0000000701d00000|
|  30|0x0000000701e00000, 0x0000000701efffa8, 0x0000000701f00000| 99%| O|  |TS  0|AC  0|TAMS 0x0000000701e00000, 0x0000000701e00000|
|  31|0x0000000701f00000, 0x0000000701ffffb0, 0x0000000702000000| 99%| O|  |TS  0|AC  0|TAMS 0x0000000701f00000, 0x0000000701f00000|
|  32|0x0000000702000000, 0x0000000702100000, 0x0000000702100000|100%| O|  |TS  0|AC  0|TAMS 0x0000000702000000, 0x0000000702000000|
|  33|0x0000000702100000, 0x0000000702200000, 0x0000000702200000|100%| O|  |TS  0|AC  0|TAMS 0x0000000702100000, 0x0000000702100000|
|  34|0x0000000702200000, 0x00000007022ffff0, 0x0000000702300000| 99%| O|  |TS  0|AC  0|TAMS 0x0000000702200000, 0x0000000702200000|
|  35|0x0000000702300000, 0x0000000702400000, 0x0000000702400000|100%|HS|  |TS  0|AC  0|TAMS 0x0000000702300000, 0x0000000702300000|
|  36|0x0000000702400000, 0x0000000702500000, 0x0000000702500000|100%|HC|  |TS  0|AC  0|TAMS 0x0000000702400000, 0x0000000702400000|
|  37|0x0000000702500000, 0x0000000702600000, 0x0000000702600000|100%|HC|  |TS  0|AC  0|TAMS 0x0000000702500000, 0x0000000702500000|
|  38|0x0000000702600000, 0x0000000702700000, 0x0000000702700000|100%|HC|  |TS  0|AC  0|TAMS 0x0000000702600000, 0x0000000702600000|
|  39|0x0000000702700000, 0x0000000702800000, 0x0000000702800000|100%|HC|  |TS  0|AC  0|TAMS 0x0000000702700000, 0x0000000702700000|
|  40|0x0000000702800000, 0x0000000702900000, 0x0000000702900000|100%|HC|  |TS  0|AC  0|TAMS 0x0000000702800000, 0x0000000702800000|
|  41|0x0000000702900000, 0x0000000702a00000, 0x0000000702a00000|100%|HC|  |TS  0|AC  0|TAMS 0x0000000702900000, 0x0000000702900000|
|  42|0x0000000702a00000, 0x0000000702b00000, 0x0000000702b00000|100%|HC|  |TS  0|AC  0|TAMS 0x0000000702a00000, 0x0000000702a00000|
|  43|0x0000000702b00000, 0x0000000702c00000, 0x0000000702c00000|100%| O|  |TS  0|AC  0|TAMS 0x0000000702b00000, 0x0000000702b00000|
|  44|0x0000000702c00000, 0x0000000702cffff8, 0x0000000702d00000| 99%| O|  |TS  0|AC  0|TAMS 0x0000000702c00000, 0x0000000702c00000|
|  45|0x0000000702d00000, 0x0000000702dd06e0, 0x0000000702e00000| 81%| O|  |TS  0|AC  0|TAMS 0x0000000702d00000, 0x0000000702d00000|
|  46|0x0000000702e00000, 0x0000000702ec7b78, 0x0000000702f00000| 78%| O|  |TS  0|AC  0|TAMS 0x0000000702e00000, 0x0000000702e00000|
|  47|0x0000000702f00000, 0x0000000702ffffb8, 0x0000000703000000| 99%| O|  |TS  0|AC  0|TAMS 0x0000000702f00000, 0x0000000702f00000|
|  48|0x0000000703000000, 0x00000007030fff70, 0x0000000703100000| 99%| O|  |TS  0|AC  0|TAMS 0x0000000703000000, 0x0000000703000000|
|  49|0x0000000703100000, 0x00000007031ffff0, 0x0000000703200000| 99%| O|  |TS  0|AC  0|TAMS 0x0000000703100000, 0x0000000703100000|
|  50|0x0000000703200000, 0x00000007032fef20, 0x0000000703300000| 99%| O|  |TS  0|AC  0|TAMS 0x0000000703200000, 0x0000000703200000|
|  51|0x0000000703300000, 0x000000070333e180, 0x0000000703400000| 24%| O|  |TS  0|AC  0|TAMS 0x0000000703300000, 0x0000000703300000|
|  52|0x0000000703400000, 0x0000000703500000, 0x0000000703500000|100%| O|  |TS 35|AC  0|TAMS 0x0000000703400000, 0x0000000703400000|
|  53|0x0000000703500000, 0x0000000703527a00, 0x0000000703600000| 15%| O|  |TS 35|AC  0|TAMS 0x0000000703500000, 0x0000000703500000|
|  54|0x0000000703600000, 0x0000000703600000, 0x0000000703700000|  0%| F|  |TS  0|AC  0|TAMS 0x0000000703600000, 0x0000000703600000|
|  55|0x0000000703700000, 0x0000000703700000, 0x0000000703800000|  0%| F|  |TS  0|AC  0|TAMS 0x0000000703700000, 0x0000000703700000|
|  56|0x0000000703800000, 0x0000000703800000, 0x0000000703900000|  0%| F|  |TS  0|AC  0|TAMS 0x0000000703800000, 0x0000000703800000|
|  57|0x0000000703900000, 0x0000000703900000, 0x0000000703a00000|  0%| F|  |TS  0|AC  0|TAMS 0x0000000703900000, 0x0000000703900000|
|  58|0x0000000703a00000, 0x0000000703a00000, 0x0000000703b00000|  0%| F|  |TS  0|AC  0|TAMS 0x0000000703a00000, 0x0000000703a00000|
|  59|0x0000000703b00000, 0x0000000703b00000, 0x0000000703c00000|  0%| F|  |TS  0|AC  0|TAMS 0x0000000703b00000, 0x0000000703b00000|
|  60|0x0000000703c00000, 0x0000000703c00000, 0x0000000703d00000|  0%| F|  |TS  0|AC  0|TAMS 0x0000000703c00000, 0x0000000703c00000|
|  61|0x0000000703d00000, 0x0000000703d00000, 0x0000000703e00000|  0%| F|  |TS  0|AC  0|TAMS 0x0000000703d00000, 0x0000000703d00000|
|  62|0x0000000703e00000, 0x0000000703e00000, 0x0000000703f00000|  0%| F|  |TS  0|AC  0|TAMS 0x0000000703e00000, 0x0000000703e00000|
|  63|0x0000000703f00000, 0x0000000703f00000, 0x0000000704000000|  0%| F|  |TS  0|AC  0|TAMS 0x0000000703f00000, 0x0000000703f00000|
|  64|0x0000000704000000, 0x0000000704000000, 0x0000000704100000|  0%| F|  |TS  0|AC  0|TAMS 0x0000000704000000, 0x0000000704000000|
|  65|0x0000000704100000, 0x0000000704100000, 0x0000000704200000|  0%| F|  |TS  0|AC  0|TAMS 0x0000000704100000, 0x0000000704100000|
|  66|0x0000000704200000, 0x0000000704200000, 0x0000000704300000|  0%| F|  |TS  0|AC  0|TAMS 0x0000000704200000, 0x0000000704200000|
|  67|0x0000000704300000, 0x0000000704300000, 0x0000000704400000|  0%| F|  |TS  0|AC  0|TAMS 0x0000000704300000, 0x0000000704300000|
|  68|0x0000000704400000, 0x0000000704400000, 0x0000000704500000|  0%| F|  |TS  0|AC  0|TAMS 0x0000000704400000, 0x0000000704400000|
|  69|0x0000000704500000, 0x0000000704500000, 0x0000000704600000|  0%| F|  |TS  0|AC  0|TAMS 0x0000000704500000, 0x0000000704500000|
|  70|0x0000000704600000, 0x0000000704600000, 0x0000000704700000|  0%| F|  |TS  0|AC  0|TAMS 0x0000000704600000, 0x0000000704600000|
|  71|0x0000000704700000, 0x0000000704700000, 0x0000000704800000|  0%| F|  |TS  0|AC  0|TAMS 0x0000000704700000, 0x0000000704700000|
|  72|0x0000000704800000, 0x0000000704800000, 0x0000000704900000|  0%| F|  |TS  0|AC  0|TAMS 0x0000000704800000, 0x0000000704800000|
|  73|0x0000000704900000, 0x0000000704900000, 0x0000000704a00000|  0%| F|  |TS  0|AC  0|TAMS 0x0000000704900000, 0x0000000704900000|
|  74|0x0000000704a00000, 0x0000000704a00000, 0x0000000704b00000|  0%| F|  |TS  0|AC  0|TAMS 0x0000000704a00000, 0x0000000704a00000|
|  75|0x0000000704b00000, 0x0000000704b00000, 0x0000000704c00000|  0%| F|  |TS  0|AC  0|TAMS 0x0000000704b00000, 0x0000000704b00000|
|  76|0x0000000704c00000, 0x0000000704c00000, 0x0000000704d00000|  0%| F|  |TS  0|AC  0|TAMS 0x0000000704c00000, 0x0000000704c00000|
|  77|0x0000000704d00000, 0x0000000704d00000, 0x0000000704e00000|  0%| F|  |TS  0|AC  0|TAMS 0x0000000704d00000, 0x0000000704d00000|
|  78|0x0000000704e00000, 0x0000000704e00000, 0x0000000704f00000|  0%| F|  |TS  0|AC  0|TAMS 0x0000000704e00000, 0x0000000704e00000|
|  79|0x0000000704f00000, 0x0000000704f00000, 0x0000000705000000|  0%| F|  |TS  0|AC  0|TAMS 0x0000000704f00000, 0x0000000704f00000|
|  80|0x0000000705000000, 0x0000000705000000, 0x0000000705100000|  0%| F|  |TS  0|AC  0|TAMS 0x0000000705000000, 0x0000000705000000|
|  81|0x0000000705100000, 0x0000000705100000, 0x0000000705200000|  0%| F|  |TS  0|AC  0|TAMS 0x0000000705100000, 0x0000000705100000|
|  82|0x0000000705200000, 0x0000000705200000, 0x0000000705300000|  0%| F|  |TS  0|AC  0|TAMS 0x0000000705200000, 0x0000000705200000|
|  83|0x0000000705300000, 0x0000000705300000, 0x0000000705400000|  0%| F|  |TS  0|AC  0|TAMS 0x0000000705300000, 0x0000000705300000|
|  84|0x0000000705400000, 0x0000000705400000, 0x0000000705500000|  0%| F|  |TS  0|AC  0|TAMS 0x0000000705400000, 0x0000000705400000|
|  85|0x0000000705500000, 0x0000000705500000, 0x0000000705600000|  0%| F|  |TS  0|AC  0|TAMS 0x0000000705500000, 0x0000000705500000|
|  86|0x0000000705600000, 0x0000000705600000, 0x0000000705700000|  0%| F|  |TS  0|AC  0|TAMS 0x0000000705600000, 0x0000000705600000|
|  87|0x0000000705700000, 0x0000000705700000, 0x0000000705800000|  0%| F|  |TS  0|AC  0|TAMS 0x0000000705700000, 0x0000000705700000|
|  88|0x0000000705800000, 0x0000000705800000, 0x0000000705900000|  0%| F|  |TS  0|AC  0|TAMS 0x0000000705800000, 0x0000000705800000|
|  89|0x0000000705900000, 0x0000000705900000, 0x0000000705a00000|  0%| F|  |TS  0|AC  0|TAMS 0x0000000705900000, 0x0000000705900000|
|  90|0x0000000705a00000, 0x0000000705a00000, 0x0000000705b00000|  0%| F|  |TS  0|AC  0|TAMS 0x0000000705a00000, 0x0000000705a00000|
|  91|0x0000000705b00000, 0x0000000705b00000, 0x0000000705c00000|  0%| F|  |TS  0|AC  0|TAMS 0x0000000705b00000, 0x0000000705b00000|
|  92|0x0000000705c00000, 0x0000000705c00000, 0x0000000705d00000|  0%| F|  |TS  0|AC  0|TAMS 0x0000000705c00000, 0x0000000705c00000|
|  93|0x0000000705d00000, 0x0000000705d00000, 0x0000000705e00000|  0%| F|  |TS  0|AC  0|TAMS 0x0000000705d00000, 0x0000000705d00000|
|  94|0x0000000705e00000, 0x0000000705e00000, 0x0000000705f00000|  0%| F|  |TS  0|AC  0|TAMS 0x0000000705e00000, 0x0000000705e00000|
|  95|0x0000000705f00000, 0x0000000705f00000, 0x0000000706000000|  0%| F|  |TS  0|AC  0|TAMS 0x0000000705f00000, 0x0000000705f00000|
|  96|0x0000000706000000, 0x0000000706000000, 0x0000000706100000|  0%| F|  |TS  0|AC  0|TAMS 0x0000000706000000, 0x0000000706000000|
|  97|0x0000000706100000, 0x0000000706100000, 0x0000000706200000|  0%| F|  |TS  0|AC  0|TAMS 0x0000000706100000, 0x0000000706100000|
|  98|0x0000000706200000, 0x0000000706200000, 0x0000000706300000|  0%| F|  |TS  0|AC  0|TAMS 0x0000000706200000, 0x0000000706200000|
|  99|0x0000000706300000, 0x0000000706300000, 0x0000000706400000|  0%| F|  |TS  0|AC  0|TAMS 0x0000000706300000, 0x0000000706300000|
| 100|0x0000000706400000, 0x0000000706400000, 0x0000000706500000|  0%| F|  |TS  0|AC  0|TAMS 0x0000000706400000, 0x0000000706400000|
| 101|0x0000000706500000, 0x0000000706500000, 0x0000000706600000|  0%| F|  |TS  0|AC  0|TAMS 0x0000000706500000, 0x0000000706500000|
| 102|0x0000000706600000, 0x0000000706600000, 0x0000000706700000|  0%| F|  |TS  0|AC  0|TAMS 0x0000000706600000, 0x0000000706600000|
| 103|0x0000000706700000, 0x0000000706700000, 0x0000000706800000|  0%| F|  |TS 35|AC  0|TAMS 0x0000000706700000, 0x0000000706700000|
| 104|0x0000000706800000, 0x0000000706800000, 0x0000000706900000|  0%| F|  |TS 35|AC  0|TAMS 0x0000000706800000, 0x0000000706800000|
| 105|0x0000000706900000, 0x0000000706900000, 0x0000000706a00000|  0%| F|  |TS 35|AC  0|TAMS 0x0000000706900000, 0x0000000706900000|
| 106|0x0000000706a00000, 0x0000000706a00000, 0x0000000706b00000|  0%| F|  |TS 35|AC  0|TAMS 0x0000000706a00000, 0x0000000706a00000|
| 107|0x0000000706b00000, 0x0000000706b00000, 0x0000000706c00000|  0%| F|  |TS 35|AC  0|TAMS 0x0000000706b00000, 0x0000000706b00000|
| 108|0x0000000706c00000, 0x0000000706c00000, 0x0000000706d00000|  0%| F|  |TS 33|AC  0|TAMS 0x0000000706c00000, 0x0000000706c00000|
| 109|0x0000000706d00000, 0x0000000706deb710, 0x0000000706e00000| 91%| S|CS|TS 35|AC  0|TAMS 0x0000000706d00000, 0x0000000706d00000|
| 110|0x0000000706e00000, 0x0000000706f00000, 0x0000000706f00000|100%| S|CS|TS 35|AC  0|TAMS 0x0000000706e00000, 0x0000000706e00000|
| 111|0x0000000706f00000, 0x0000000707000000, 0x0000000707000000|100%| S|CS|TS 35|AC  0|TAMS 0x0000000706f00000, 0x0000000706f00000|
| 112|0x0000000707000000, 0x0000000707100000, 0x0000000707100000|100%| S|CS|TS 35|AC  0|TAMS 0x0000000707000000, 0x0000000707000000|
| 113|0x0000000707100000, 0x0000000707100000, 0x0000000707200000|  0%| F|  |TS 35|AC  0|TAMS 0x0000000707100000, 0x0000000707100000|
| 114|0x0000000707200000, 0x0000000707200000, 0x0000000707300000|  0%| F|  |TS 35|AC  0|TAMS 0x0000000707200000, 0x0000000707200000|
| 115|0x0000000707300000, 0x0000000707300000, 0x0000000707400000|  0%| F|  |TS 35|AC  0|TAMS 0x0000000707300000, 0x0000000707300000|
| 116|0x0000000707400000, 0x0000000707400000, 0x0000000707500000|  0%| F|  |TS 35|AC  0|TAMS 0x0000000707400000, 0x0000000707400000|
| 117|0x0000000707500000, 0x0000000707500000, 0x0000000707600000|  0%| F|  |TS 35|AC  0|TAMS 0x0000000707500000, 0x0000000707500000|
| 118|0x0000000707600000, 0x0000000707600000, 0x0000000707700000|  0%| F|  |TS 35|AC  0|TAMS 0x0000000707600000, 0x0000000707600000|
| 119|0x0000000707700000, 0x0000000707700000, 0x0000000707800000|  0%| F|  |TS 35|AC  0|TAMS 0x0000000707700000, 0x0000000707700000|
| 120|0x0000000707800000, 0x0000000707800000, 0x0000000707900000|  0%| F|  |TS 35|AC  0|TAMS 0x0000000707800000, 0x0000000707800000|
| 121|0x0000000707900000, 0x0000000707900000, 0x0000000707a00000|  0%| F|  |TS 35|AC  0|TAMS 0x0000000707900000, 0x0000000707900000|
| 122|0x0000000707a00000, 0x0000000707a00000, 0x0000000707b00000|  0%| F|  |TS 35|AC  0|TAMS 0x0000000707a00000, 0x0000000707a00000|
| 123|0x0000000707b00000, 0x0000000707b00000, 0x0000000707c00000|  0%| F|  |TS 35|AC  0|TAMS 0x0000000707b00000, 0x0000000707b00000|
| 124|0x0000000707c00000, 0x0000000707c00000, 0x0000000707d00000|  0%| F|  |TS 35|AC  0|TAMS 0x0000000707c00000, 0x0000000707c00000|
| 125|0x0000000707d00000, 0x0000000707d00000, 0x0000000707e00000|  0%| F|  |TS 35|AC  0|TAMS 0x0000000707d00000, 0x0000000707d00000|
| 126|0x0000000707e00000, 0x0000000707e00000, 0x0000000707f00000|  0%| F|  |TS 35|AC  0|TAMS 0x0000000707e00000, 0x0000000707e00000|
| 127|0x0000000707f00000, 0x0000000707f00000, 0x0000000708000000|  0%| F|  |TS 35|AC  0|TAMS 0x0000000707f00000, 0x0000000707f00000|
| 128|0x0000000708000000, 0x0000000708000000, 0x0000000708100000|  0%| F|  |TS 35|AC  0|TAMS 0x0000000708000000, 0x0000000708000000|
| 129|0x0000000708100000, 0x0000000708100000, 0x0000000708200000|  0%| F|  |TS 35|AC  0|TAMS 0x0000000708100000, 0x0000000708100000|
| 130|0x0000000708200000, 0x0000000708200000, 0x0000000708300000|  0%| F|  |TS 35|AC  0|TAMS 0x0000000708200000, 0x0000000708200000|
| 131|0x0000000708300000, 0x0000000708300000, 0x0000000708400000|  0%| F|  |TS 35|AC  0|TAMS 0x0000000708300000, 0x0000000708300000|
| 132|0x0000000708400000, 0x0000000708400000, 0x0000000708500000|  0%| F|  |TS 35|AC  0|TAMS 0x0000000708400000, 0x0000000708400000|
| 133|0x0000000708500000, 0x0000000708500000, 0x0000000708600000|  0%| F|  |TS 35|AC  0|TAMS 0x0000000708500000, 0x0000000708500000|
| 134|0x0000000708600000, 0x0000000708600000, 0x0000000708700000|  0%| F|  |TS 35|AC  0|TAMS 0x0000000708600000, 0x0000000708600000|
| 135|0x0000000708700000, 0x0000000708700000, 0x0000000708800000|  0%| F|  |TS 35|AC  0|TAMS 0x0000000708700000, 0x0000000708700000|
| 136|0x0000000708800000, 0x0000000708800000, 0x0000000708900000|  0%| F|  |TS 35|AC  0|TAMS 0x0000000708800000, 0x0000000708800000|
| 137|0x0000000708900000, 0x0000000708900000, 0x0000000708a00000|  0%| F|  |TS 35|AC  0|TAMS 0x0000000708900000, 0x0000000708900000|
| 138|0x0000000708a00000, 0x0000000708a00000, 0x0000000708b00000|  0%| F|  |TS 35|AC  0|TAMS 0x0000000708a00000, 0x0000000708a00000|
| 139|0x0000000708b00000, 0x0000000708b00000, 0x0000000708c00000|  0%| F|  |TS 35|AC  0|TAMS 0x0000000708b00000, 0x0000000708b00000|
| 140|0x0000000708c00000, 0x0000000708c00000, 0x0000000708d00000|  0%| F|  |TS 35|AC  0|TAMS 0x0000000708c00000, 0x0000000708c00000|
| 141|0x0000000708d00000, 0x0000000708d00000, 0x0000000708e00000|  0%| F|  |TS 35|AC  0|TAMS 0x0000000708d00000, 0x0000000708d00000|
| 142|0x0000000708e00000, 0x0000000708e00000, 0x0000000708f00000|  0%| F|  |TS 35|AC  0|TAMS 0x0000000708e00000, 0x0000000708e00000|
| 143|0x0000000708f00000, 0x0000000708f00000, 0x0000000709000000|  0%| F|  |TS 35|AC  0|TAMS 0x0000000708f00000, 0x0000000708f00000|
| 144|0x0000000709000000, 0x0000000709000000, 0x0000000709100000|  0%| F|  |TS 35|AC  0|TAMS 0x0000000709000000, 0x0000000709000000|
| 145|0x0000000709100000, 0x0000000709100000, 0x0000000709200000|  0%| F|  |TS 35|AC  0|TAMS 0x0000000709100000, 0x0000000709100000|
| 146|0x0000000709200000, 0x0000000709200000, 0x0000000709300000|  0%| F|  |TS 35|AC  0|TAMS 0x0000000709200000, 0x0000000709200000|
| 147|0x0000000709300000, 0x0000000709300000, 0x0000000709400000|  0%| F|  |TS 35|AC  0|TAMS 0x0000000709300000, 0x0000000709300000|
| 148|0x0000000709400000, 0x0000000709400000, 0x0000000709500000|  0%| F|  |TS 35|AC  0|TAMS 0x0000000709400000, 0x0000000709400000|
| 149|0x0000000709500000, 0x0000000709500000, 0x0000000709600000|  0%| F|  |TS 35|AC  0|TAMS 0x0000000709500000, 0x0000000709500000|
| 150|0x0000000709600000, 0x0000000709600000, 0x0000000709700000|  0%| F|  |TS 35|AC  0|TAMS 0x0000000709600000, 0x0000000709600000|
| 151|0x0000000709700000, 0x0000000709700000, 0x0000000709800000|  0%| F|  |TS 35|AC  0|TAMS 0x0000000709700000, 0x0000000709700000|
| 152|0x0000000709800000, 0x0000000709800000, 0x0000000709900000|  0%| F|  |TS 35|AC  0|TAMS 0x0000000709800000, 0x0000000709800000|
| 153|0x0000000709900000, 0x0000000709900000, 0x0000000709a00000|  0%| F|  |TS 35|AC  0|TAMS 0x0000000709900000, 0x0000000709900000|
| 154|0x0000000709a00000, 0x0000000709a00000, 0x0000000709b00000|  0%| F|  |TS 35|AC  0|TAMS 0x0000000709a00000, 0x0000000709a00000|
| 155|0x0000000709b00000, 0x0000000709b00000, 0x0000000709c00000|  0%| F|  |TS 35|AC  0|TAMS 0x0000000709b00000, 0x0000000709b00000|
| 156|0x0000000709c00000, 0x0000000709c00000, 0x0000000709d00000|  0%| F|  |TS 35|AC  0|TAMS 0x0000000709c00000, 0x0000000709c00000|
| 157|0x0000000709d00000, 0x0000000709d00000, 0x0000000709e00000|  0%| F|  |TS 35|AC  0|TAMS 0x0000000709d00000, 0x0000000709d00000|
| 158|0x0000000709e00000, 0x0000000709e00000, 0x0000000709f00000|  0%| F|  |TS 35|AC  0|TAMS 0x0000000709e00000, 0x0000000709e00000|
| 159|0x0000000709f00000, 0x0000000709f00000, 0x000000070a000000|  0%| F|  |TS 35|AC  0|TAMS 0x0000000709f00000, 0x0000000709f00000|
| 160|0x000000070a000000, 0x000000070a000000, 0x000000070a100000|  0%| F|  |TS 35|AC  0|TAMS 0x000000070a000000, 0x000000070a000000|
| 161|0x000000070a100000, 0x000000070a100000, 0x000000070a200000|  0%| F|  |TS 35|AC  0|TAMS 0x000000070a100000, 0x000000070a100000|
| 162|0x000000070a200000, 0x000000070a200000, 0x000000070a300000|  0%| F|  |TS 35|AC  0|TAMS 0x000000070a200000, 0x000000070a200000|
| 163|0x000000070a300000, 0x000000070a300000, 0x000000070a400000|  0%| F|  |TS 35|AC  0|TAMS 0x000000070a300000, 0x000000070a300000|
| 164|0x000000070a400000, 0x000000070a40c0a8, 0x000000070a500000|  4%| E|  |TS 35|AC  0|TAMS 0x000000070a400000, 0x000000070a400000|
| 165|0x000000070a500000, 0x000000070a600000, 0x000000070a600000|100%| E|CS|TS 35|AC  0|TAMS 0x000000070a500000, 0x000000070a500000|
| 166|0x000000070a600000, 0x000000070a700000, 0x000000070a700000|100%| E|CS|TS 35|AC  0|TAMS 0x000000070a600000, 0x000000070a600000|
| 167|0x000000070a700000, 0x000000070a800000, 0x000000070a800000|100%| E|CS|TS 35|AC  0|TAMS 0x000000070a700000, 0x000000070a700000|

Card table byte_map: [0x000001f029e90000,0x000001f02a490000] byte_map_base: 0x000001f026690000

Marking Bits (Prev, Next): (CMBitMap*) 0x000001f027cc00d8, (CMBitMap*) 0x000001f027cc00a0
 Prev Bits: [0x000001f046800000, 0x000001f049800000)
 Next Bits: [0x000001f043800000, 0x000001f046800000)

Polling page: 0x000001f022720000

CodeHeap 'non-profiled nmethods': size=120000Kb used=11125Kb max_used=11125Kb free=108874Kb
 bounds [0x000001f03c2d0000, 0x000001f03cdb0000, 0x000001f043800000]
CodeHeap 'profiled nmethods': size=120000Kb used=33117Kb max_used=33117Kb free=86882Kb
 bounds [0x000001f034da0000, 0x000001f036e10000, 0x000001f03c2d0000]
CodeHeap 'non-nmethods': size=5760Kb used=1726Kb max_used=1788Kb free=4034Kb
 bounds [0x000001f034800000, 0x000001f034a70000, 0x000001f034da0000]
 total_blobs=19009 nmethods=12252 adapters=1042
 compilation: enabled

Compilation events (10 events):
Event: 42.403 Thread 0x000001f02c434000 nmethod 13531 0x000001f036e04b90 code [0x000001f036e04e20, 0x000001f036e05ae0]
Event: 42.403 Thread 0x000001f02c434000 13533       3       java.lang.invoke.LambdaForm$BMH/655381473::reinvoke (93 bytes)
Event: 42.403 Thread 0x000001f02c434000 nmethod 13533 0x000001f036e05e90 code [0x000001f036e060c0, 0x000001f036e06cb0]
Event: 42.403 Thread 0x000001f02c434000 13532       3       sun.util.locale.provider.LocaleResources::getDateTimePattern (279 bytes)
Event: 42.404 Thread 0x000001f02ccd4800 nmethod 13530 0x000001f03c6ab610 code [0x000001f03c6ab800, 0x000001f03c6abcf8]
Event: 42.406 Thread 0x000001f02c434000 nmethod 13532 0x000001f036e06f10 code [0x000001f036e074e0, 0x000001f036e0b4e0]
Event: 42.406 Thread 0x000001f02c434000 13534       3       ui.data.experiment.w::aHy (25 bytes)
Event: 42.406 Thread 0x000001f02c433800 13535       4       java.util.IdentityHashMap$KeyIterator::next (13 bytes)
Event: 42.406 Thread 0x000001f02c434000 nmethod 13534 0x000001f036e0c610 code [0x000001f036e0c820, 0x000001f036e0cd30]
Event: 42.407 Thread 0x000001f02c433800 nmethod 13535 0x000001f03c69f990 code [0x000001f03c69fb20, 0x000001f03c69fc38]

GC Heap History (10 events):
Event: 36.646 GC heap before
{Heap before GC invocations=29 (full 1):
 garbage-first heap   total 172032K, used 113121K [0x0000000700000000, 0x0000000700100540, 0x00000007c0000000)
  region size 1024K, 60 young (61440K), 4 survivors (4096K)
 Metaspace       used 71546K, capacity 76414K, committed 76572K, reserved 1116160K
  class space    used 9909K, capacity 10767K, committed 10824K, reserved 1048576K
}
Event: 36.651 GC heap after
{Heap after GC invocations=30 (full 1):
 garbage-first heap   total 172032K, used 56152K [0x0000000700000000, 0x0000000700100540, 0x00000007c0000000)
  region size 1024K, 4 young (4096K), 4 survivors (4096K)
 Metaspace       used 71546K, capacity 76414K, committed 76572K, reserved 1116160K
  class space    used 9909K, capacity 10767K, committed 10824K, reserved 1048576K
}
Event: 38.598 GC heap before
{Heap before GC invocations=30 (full 1):
 garbage-first heap   total 172032K, used 113496K [0x0000000700000000, 0x0000000700100540, 0x00000007c0000000)
  region size 1024K, 60 young (61440K), 4 survivors (4096K)
 Metaspace       used 71668K, capacity 76510K, committed 76572K, reserved 1116160K
  class space    used 9918K, capacity 10799K, committed 10824K, reserved 1048576K
}
Event: 38.605 GC heap after
{Heap after GC invocations=31 (full 1):
 garbage-first heap   total 172032K, used 56535K [0x0000000700000000, 0x0000000700100540, 0x00000007c0000000)
  region size 1024K, 5 young (5120K), 5 survivors (5120K)
 Metaspace       used 71668K, capacity 76510K, committed 76572K, reserved 1116160K
  class space    used 9918K, capacity 10799K, committed 10824K, reserved 1048576K
}
Event: 39.032 GC heap before
{Heap before GC invocations=31 (full 1):
 garbage-first heap   total 172032K, used 112855K [0x0000000700000000, 0x0000000700100540, 0x00000007c0000000)
  region size 1024K, 60 young (61440K), 5 survivors (5120K)
 Metaspace       used 71843K, capacity 76702K, committed 76828K, reserved 1116160K
  class space    used 9918K, capacity 10799K, committed 10824K, reserved 1048576K
}
Event: 39.037 GC heap after
{Heap after GC invocations=32 (full 1):
 garbage-first heap   total 172032K, used 57068K [0x0000000700000000, 0x0000000700100540, 0x00000007c0000000)
  region size 1024K, 5 young (5120K), 5 survivors (5120K)
 Metaspace       used 71843K, capacity 76702K, committed 76828K, reserved 1116160K
  class space    used 9918K, capacity 10799K, committed 10824K, reserved 1048576K
}
Event: 40.641 GC heap before
{Heap before GC invocations=32 (full 1):
 garbage-first heap   total 172032K, used 113388K [0x0000000700000000, 0x0000000700100540, 0x00000007c0000000)
  region size 1024K, 60 young (61440K), 5 survivors (5120K)
 Metaspace       used 71928K, capacity 76772K, committed 76828K, reserved 1116160K
  class space    used 9919K, capacity 10800K, committed 10824K, reserved 1048576K
}
Event: 40.646 GC heap after
{Heap after GC invocations=33 (full 1):
 garbage-first heap   total 172032K, used 57228K [0x0000000700000000, 0x0000000700100540, 0x00000007c0000000)
  region size 1024K, 5 young (5120K), 5 survivors (5120K)
 Metaspace       used 71928K, capacity 76772K, committed 76828K, reserved 1116160K
  class space    used 9919K, capacity 10800K, committed 10824K, reserved 1048576K
}
Event: 41.526 GC heap before
{Heap before GC invocations=33 (full 1):
 garbage-first heap   total 172032K, used 113548K [0x0000000700000000, 0x0000000700100540, 0x00000007c0000000)
  region size 1024K, 60 young (61440K), 5 survivors (5120K)
 Metaspace       used 72135K, capacity 76996K, committed 77212K, reserved 1116160K
  class space    used 9949K, capacity 10832K, committed 10952K, reserved 1048576K
}
Event: 41.531 GC heap after
{Heap after GC invocations=34 (full 1):
 garbage-first heap   total 172032K, used 56746K [0x0000000700000000, 0x0000000700100540, 0x00000007c0000000)
  region size 1024K, 4 young (4096K), 4 survivors (4096K)
 Metaspace       used 72135K, capacity 76996K, committed 77212K, reserved 1116160K
  class space    used 9949K, capacity 10832K, committed 10952K, reserved 1048576K
}

Deoptimization events (10 events):
Event: 41.107 Thread 0x000001f04c40c800 Uncommon trap: reason=unstable_if action=reinterpret pc=0x000001f03ca4a4bc method=sun.java2d.SunGraphics2D.setColor(Ljava/awt/Color;)V @ 1 c2
Event: 42.251 Thread 0x000001f04fe16800 Uncommon trap: reason=class_check action=maybe_recompile pc=0x000001f03ccc2280 method=sun.awt.image.ImageRepresentation.setPixels(IIIILjava/awt/image/ColorModel;[BII)V @ 20 c2
Event: 42.251 Thread 0x000001f04fe16800 Uncommon trap: reason=class_check action=maybe_recompile pc=0x000001f03ccc2280 method=sun.awt.image.ImageRepresentation.setPixels(IIIILjava/awt/image/ColorModel;[BII)V @ 20 c2
Event: 42.251 Thread 0x000001f04fe16800 Uncommon trap: reason=class_check action=maybe_recompile pc=0x000001f03ccc2280 method=sun.awt.image.ImageRepresentation.setPixels(IIIILjava/awt/image/ColorModel;[BII)V @ 20 c2
Event: 42.251 Thread 0x000001f04fe16800 Uncommon trap: reason=class_check action=maybe_recompile pc=0x000001f03ccc2280 method=sun.awt.image.ImageRepresentation.setPixels(IIIILjava/awt/image/ColorModel;[BII)V @ 20 c2
Event: 42.251 Thread 0x000001f04fe16800 Uncommon trap: reason=class_check action=maybe_recompile pc=0x000001f03ccd9524 method=java.awt.image.ReplicateScaleFilter.setPixels(IIIILjava/awt/image/ColorModel;[BII)V @ 214 c2
Event: 42.251 Thread 0x000001f04fe16800 Uncommon trap: reason=class_check action=maybe_recompile pc=0x000001f03ccd9524 method=java.awt.image.ReplicateScaleFilter.setPixels(IIIILjava/awt/image/ColorModel;[BII)V @ 214 c2
Event: 42.251 Thread 0x000001f04fe16800 Uncommon trap: reason=class_check action=maybe_recompile pc=0x000001f03ccd9524 method=java.awt.image.ReplicateScaleFilter.setPixels(IIIILjava/awt/image/ColorModel;[BII)V @ 214 c2
Event: 42.251 Thread 0x000001f04fe16800 Uncommon trap: reason=class_check action=maybe_recompile pc=0x000001f03ccd9524 method=java.awt.image.ReplicateScaleFilter.setPixels(IIIILjava/awt/image/ColorModel;[BII)V @ 214 c2
Event: 42.252 Thread 0x000001f04c40c800 Uncommon trap: reason=unstable_if action=reinterpret pc=0x000001f03cbeda74 method=sun.java2d.loops.ScaledBlit.getFromCache(Lsun/java2d/loops/SurfaceType;Lsun/java2d/loops/CompositeType;Lsun/java2d/loops/SurfaceType;)Lsun/java2d/loops/ScaledBlit; @ 11 c2

Classes redefined (0 events):
No events

Internal exceptions (10 events):
Event: 30.379 Thread 0x000001f04c40c800 Exception <a 'java/lang/NoSuchMethodError'{0x0000000708df61b8}: java.lang.invoke.DelegatingMethodHandle$Holder.reinvoke_L(Ljava/lang/Object;Ljava/lang/Object;IILjava/lang/Object;Ljava/lang/Object;Ljava/lang/Object;Ljava/lang/Object;Ljava/lang/Object;Ljava
Event: 30.385 Thread 0x000001f04c40c800 Exception <a 'java/lang/NoSuchMethodError'{0x0000000708b10ca0}: java.lang.invoke.DirectMethodHandle$Holder.invokeSpecial(Ljava/lang/Object;Ljava/lang/Object;IILjava/lang/Object;Ljava/lang/Object;Ljava/lang/Object;Ljava/lang/Object;Ljava/lang/Object;Ljava/
Event: 30.385 Thread 0x000001f04c40c800 Exception <a 'java/lang/NoSuchMethodError'{0x0000000708b15d78}: java.lang.invoke.DelegatingMethodHandle$Holder.reinvoke_L(Ljava/lang/Object;IILjava/lang/Object;Ljava/lang/Object;Ljava/lang/Object;Ljava/lang/Object;Ljava/lang/Object;Ljava/lang/Object;Ljava
Event: 30.388 Thread 0x000001f04c40c800 Exception <a 'java/lang/NoSuchMethodError'{0x0000000708be47c0}: java.lang.invoke.DirectMethodHandle$Holder.invokeSpecial(Ljava/lang/Object;Ljava/lang/Object;Ljava/lang/Object;Ljava/lang/Object;Ljava/lang/Object;Ljava/lang/Object;Ljava/lang/Object;Ljava/la
Event: 30.392 Thread 0x000001f04c40c800 Exception <a 'java/lang/NoSuchMethodError'{0x0000000708a93610}: java.lang.invoke.DirectMethodHandle$Holder.invokeSpecial(Ljava/lang/Object;Ljava/lang/Object;IIILjava/lang/Object;IIII)Ljava/lang/Object;> (0x0000000708a93610) thrown at [t:/workspace/hotspot
Event: 30.392 Thread 0x000001f04c40c800 Exception <a 'java/lang/NoSuchMethodError'{0x0000000708a96ce8}: java.lang.invoke.DelegatingMethodHandle$Holder.reinvoke_L(Ljava/lang/Object;IIILjava/lang/Object;IIII)Ljava/lang/Object;> (0x0000000708a96ce8) thrown at [t:/workspace/hotspot/src/share/vm/int
Event: 30.395 Thread 0x000001f04c40c800 Exception <a 'java/lang/NoSuchMethodError'{0x0000000708aed5a8}: method resolution failed> (0x0000000708aed5a8) thrown at [t:/workspace/hotspot/src/share/vm/prims/methodHandles.cpp, line 1256]
Event: 30.395 Thread 0x000001f04c40c800 Exception <a 'java/lang/NoSuchMethodError'{0x0000000708af0d48}: java.lang.invoke.DelegatingMethodHandle$Holder.reinvoke_L(Ljava/lang/Object;Ljava/lang/Object;IIII)Ljava/lang/Object;> (0x0000000708af0d48) thrown at [t:/workspace/hotspot/src/share/vm/interp
Event: 30.510 Thread 0x000001f04fe16800 Implicit null exception at 0x000001f03ca8172d to 0x000001f03ca81f35
Event: 38.926 Thread 0x000001f04fe16800 Exception <a 'java/lang/InterruptedException'{0x0000000709e1c9f8}: sleep interrupted> (0x0000000709e1c9f8) thrown at [t:/workspace/hotspot/src/share/vm/prims/jvm.cpp, line 2984]

Events (10 events):
Event: 42.257 Executing VM operation: RevokeBias
Event: 42.258 Executing VM operation: RevokeBias done
Event: 42.258 Executing VM operation: RevokeBias
Event: 42.258 Executing VM operation: RevokeBias done
Event: 42.259 Executing VM operation: RevokeBias
Event: 42.259 Executing VM operation: RevokeBias done
Event: 42.259 loading class sun/security/action/GetIntegerAction
Event: 42.260 loading class sun/security/action/GetIntegerAction done
Event: 42.260 loading class ui/utils/o/k/m
Event: 42.260 loading class ui/utils/o/k/m done


Dynamic libraries:
0x00007ff6313b0000 - 0x00007ff6313e0000 	C:\Users\masao\Desktop\Vivado\2018.3\bin\unwrapped\win64.o\vivado.exe
0x00007ffeeae80000 - 0x00007ffeeb070000 	C:\WINDOWS\SYSTEM32\ntdll.dll
0x00007ffee94d0000 - 0x00007ffee9582000 	C:\WINDOWS\System32\KERNEL32.DLL
0x00007ffee7e70000 - 0x00007ffee8113000 	C:\WINDOWS\System32\KERNELBASE.dll
0x00007ffee81d0000 - 0x00007ffee82ca000 	C:\WINDOWS\System32\ucrtbase.dll
0x00007ffee5890000 - 0x00007ffee5929000 	C:\WINDOWS\SYSTEM32\MSVCP140.dll
0x00007ffedfaf0000 - 0x00007ffedfb04000 	C:\Users\masao\Desktop\Vivado\2018.3\lib\win64.o\libboost_signals.dll
0x00007ffee5930000 - 0x00007ffee5947000 	C:\WINDOWS\SYSTEM32\VCRUNTIME140.dll
0x00007ffedf8e0000 - 0x00007ffedf8f4000 	C:\Users\masao\Desktop\Vivado\2018.3\lib\win64.o\librdi_commonmain.dll
0x00007ffea5120000 - 0x00007ffea5fb4000 	C:\Users\masao\Desktop\Vivado\2018.3\lib\win64.o\librdi_common.dll
0x00007ffee9090000 - 0x00007ffee9224000 	C:\WINDOWS\System32\USER32.dll
0x00007ffee8170000 - 0x00007ffee8191000 	C:\WINDOWS\System32\win32u.dll
0x00007ffeead40000 - 0x00007ffeead66000 	C:\WINDOWS\System32\GDI32.dll
0x00007ffee84e0000 - 0x00007ffee8674000 	C:\WINDOWS\System32\gdi32full.dll
0x00007ffee82d0000 - 0x00007ffee836e000 	C:\WINDOWS\System32\msvcp_win.dll
0x00007ffee9db0000 - 0x00007ffee9e53000 	C:\WINDOWS\System32\ADVAPI32.dll
0x00007ffed5f30000 - 0x00007ffed5f56000 	C:\Users\masao\Desktop\Vivado\2018.3\lib\win64.o\libboost_filesystem.dll
0x00007ffeeaca0000 - 0x00007ffeead3e000 	C:\WINDOWS\System32\msvcrt.dll
0x00007ffee1d50000 - 0x00007ffee1d5a000 	C:\Users\masao\Desktop\Vivado\2018.3\lib\win64.o\librdi_commonversion.dll
0x00007ffeea570000 - 0x00007ffeea607000 	C:\WINDOWS\System32\sechost.dll
0x00007ffeea9e0000 - 0x00007ffeeab00000 	C:\WINDOWS\System32\RPCRT4.dll
0x00007ffee9e80000 - 0x00007ffeea565000 	C:\WINDOWS\System32\SHELL32.dll
0x00007ffee8120000 - 0x00007ffee816a000 	C:\WINDOWS\System32\cfgmgr32.dll
0x00007ffeeab00000 - 0x00007ffeeaba9000 	C:\WINDOWS\System32\shcore.dll
0x00007ffeea6a0000 - 0x00007ffeea9d6000 	C:\WINDOWS\System32\combase.dll
0x00007ffee8eb0000 - 0x00007ffee8f30000 	C:\WINDOWS\System32\bcryptPrimitives.dll
0x00007ffee8730000 - 0x00007ffee8eaf000 	C:\WINDOWS\System32\windows.storage.dll
0x00007ffee7df0000 - 0x00007ffee7e0f000 	C:\WINDOWS\System32\profapi.dll
0x00007ffeb63e0000 - 0x00007ffeb6501000 	C:\Users\masao\Desktop\Vivado\2018.3\lib\win64.o\librdi_commonxillic.dll
0x00007ffee7da0000 - 0x00007ffee7dea000 	C:\WINDOWS\System32\powrprof.dll
0x00007ffee7d50000 - 0x00007ffee7d60000 	C:\WINDOWS\System32\UMPDC.dll
0x00007ffee9410000 - 0x00007ffee9462000 	C:\WINDOWS\System32\shlwapi.dll
0x00007ffee7d80000 - 0x00007ffee7d91000 	C:\WINDOWS\System32\kernel.appcore.dll
0x00007ffee8370000 - 0x00007ffee8387000 	C:\WINDOWS\System32\cryptsp.dll
0x000000006f590000 - 0x000000006f6bb000 	C:\Users\masao\Desktop\Vivado\2018.3\lib\win64.o\tcl85t.dll
0x00007ffeea610000 - 0x00007ffeea67f000 	C:\WINDOWS\System32\WS2_32.dll
0x00007ffea4db0000 - 0x00007ffea511e000 	C:\Users\masao\Desktop\Vivado\2018.3\lib\win64.o\libCOIN-all.dll
0x00007ffeb0a80000 - 0x00007ffeb0d35000 	C:\Users\masao\Desktop\Vivado\2018.3\lib\win64.o\libXil_lmgr11.dll
0x00007ffee9600000 - 0x00007ffee96d0000 	C:\WINDOWS\System32\COMDLG32.dll
0x00007ffed65f0000 - 0x00007ffed6604000 	C:\Users\masao\Desktop\Vivado\2018.3\lib\win64.o\libboost_date_time.dll
0x00007ffeead70000 - 0x00007ffeeae34000 	C:\WINDOWS\System32\OLEAUT32.dll
0x00007ffee8f30000 - 0x00007ffee9086000 	C:\WINDOWS\System32\ole32.dll
0x00007ffecff90000 - 0x00007ffed000f000 	C:\Users\masao\Desktop\Vivado\2018.3\lib\win64.o\libboost_program_options.dll
0x00007ffee7e10000 - 0x00007ffee7e6c000 	C:\WINDOWS\System32\WINTRUST.dll
0x00007ffee7d60000 - 0x00007ffee7d72000 	C:\WINDOWS\System32\MSASN1.dll
0x00007ffee8390000 - 0x00007ffee84d9000 	C:\WINDOWS\System32\CRYPT32.dll
0x00007ffeb5500000 - 0x00007ffeb5614000 	C:\Users\masao\Desktop\Vivado\2018.3\lib\win64.o\libboost_regex.dll
0x00007ffee1a90000 - 0x00007ffee1a9b000 	C:\Users\masao\Desktop\Vivado\2018.3\lib\win64.o\libboost_system.dll
0x00007ffee1a70000 - 0x00007ffee1a7f000 	C:\Users\masao\Desktop\Vivado\2018.3\lib\win64.o\libboost_xilinx.dll
0x00007ffed4fd0000 - 0x00007ffed4ff1000 	C:\Users\masao\Desktop\Vivado\2018.3\lib\win64.o\libboost_thread.dll
0x00007ffec48d0000 - 0x00007ffec4952000 	C:\Users\masao\Desktop\Vivado\2018.3\lib\win64.o\libhdlpsolve.dll
0x00007ffebafe0000 - 0x00007ffebb085000 	C:\Users\masao\Desktop\Vivado\2018.3\lib\win64.o\libhdxml.dll
0x00007ffed0160000 - 0x00007ffed018e000 	C:\Users\masao\Desktop\Vivado\2018.3\lib\win64.o\libisl_sysinfo.dll
0x00007ffec7630000 - 0x00007ffec7695000 	C:\Users\masao\Desktop\Vivado\2018.3\lib\win64.o\liblmx6.0.dll
0x00007ffed62b0000 - 0x00007ffed62ca000 	C:\Users\masao\Desktop\Vivado\2018.3\lib\win64.o\pthreadVC2.dll
0x00007ffea4560000 - 0x00007ffea4dae600 	C:\Users\masao\Desktop\Vivado\2018.3\lib\win64.o\libisl_iostreams.dll
0x00007ffed6190000 - 0x00007ffed61ac000 	C:\Users\masao\Desktop\Vivado\2018.3\lib\win64.o\librdiconfig.dll
0x00007ffec7490000 - 0x00007ffec74b1000 	C:\Users\masao\Desktop\Vivado\2018.3\lib\win64.o\librdizlib.dll
0x0000000012000000 - 0x0000000012272000 	C:\Users\masao\Desktop\Vivado\2018.3\lib\win64.o\xerces-c_3_1.dll
0x00007ffed0dc0000 - 0x00007ffed0dd7000 	C:\WINDOWS\SYSTEM32\NETAPI32.dll
0x00007ffed3340000 - 0x00007ffed3816000 	C:\WINDOWS\SYSTEM32\WININET.dll
0x00007ffed8c00000 - 0x00007ffed8cf0000 	C:\WINDOWS\SYSTEM32\WINHTTP.dll
0x00007ffed8d50000 - 0x00007ffed8f26000 	C:\WINDOWS\SYSTEM32\urlmon.dll
0x00007ffed4e80000 - 0x00007ffed4e89000 	C:\WINDOWS\SYSTEM32\WSOCK32.dll
0x00007ffec5580000 - 0x00007ffec55a8000 	C:\WINDOWS\SYSTEM32\VCOMP140.DLL
0x00007ffed3d60000 - 0x00007ffed3e09000 	C:\WINDOWS\WinSxS\amd64_microsoft.windows.common-controls_6595b64144ccf1df_5.82.18362.657_none_2a27eafe46699ec9\COMCTL32.dll
0x00007ffea2280000 - 0x00007ffea3111000 	C:\Users\masao\Desktop\Vivado\2018.3\lib\win64.o\gurobi65.dll
0x00007ffedb660000 - 0x00007ffedb67c000 	C:\WINDOWS\SYSTEM32\dhcpcsvc.DLL
0x00007ffee9e60000 - 0x00007ffee9e68000 	C:\WINDOWS\System32\NSI.dll
0x00007ffeda420000 - 0x00007ffeda6c6000 	C:\WINDOWS\SYSTEM32\iertutil.dll
0x00007ffee00c0000 - 0x00007ffee00cd000 	C:\Users\masao\Desktop\Vivado\2018.3\lib\win64.o\libboost_chrono.dll
0x00007ffed4060000 - 0x00007ffed407b000 	C:\Users\masao\Desktop\Vivado\2018.3\lib\win64.o\libboost_iostreams.dll
0x00007ffec3b00000 - 0x00007ffec3b25000 	C:\Users\masao\Desktop\Vivado\2018.3\lib\win64.o\libisl_iosutils.dll
0x00007ffee7790000 - 0x00007ffee779c000 	C:\WINDOWS\SYSTEM32\CRYPTBASE.DLL
0x00007ffee73e0000 - 0x00007ffee73ec000 	C:\WINDOWS\SYSTEM32\NETUTILS.DLL
0x00007ffee93e0000 - 0x00007ffee940e000 	C:\WINDOWS\System32\IMM32.DLL
0x00007ffea4060000 - 0x00007ffea4555000 	C:\Users\masao\Desktop\Vivado\2018.3\lib\win64.o\librdi_commontasks.dll
0x00007ffedb340000 - 0x00007ffedb34a000 	C:\WINDOWS\SYSTEM32\VERSION.dll
0x00007ffeab9c0000 - 0x00007ffeabc3f000 	C:\Users\masao\Desktop\Vivado\2018.3\lib\win64.o\librdi_sio.dll
0x000000006e650000 - 0x000000006f075000 	C:\Users\masao\Desktop\Vivado\2018.3\tps\win64\jre9.0.4\bin\server\jvm.dll
0x00007ffee72d0000 - 0x00007ffee730a000 	C:\WINDOWS\SYSTEM32\IPHLPAPI.DLL
0x00007ffee9590000 - 0x00007ffee9598000 	C:\WINDOWS\System32\PSAPI.DLL
0x00007ffee3f20000 - 0x00007ffee3f44000 	C:\WINDOWS\SYSTEM32\WINMM.dll
0x00007ffee75c0000 - 0x00007ffee7627000 	C:\WINDOWS\SYSTEM32\MSWSOCK.DLL
0x00007ffeb6dc0000 - 0x00007ffeb6eaf000 	C:\WINDOWS\SYSTEM32\MSVCR120.dll
0x00007ffee3ef0000 - 0x00007ffee3f1d000 	C:\WINDOWS\SYSTEM32\WINMMBASE.dll
0x00007ffe93030000 - 0x00007ffe953f2000 	C:\Users\masao\Desktop\Vivado\2018.3\lib\win64.o\librdi_tcltasks.dll
0x00007ffea3c80000 - 0x00007ffea405c000 	C:\Users\masao\Desktop\Vivado\2018.3\lib\win64.o\librdi_bitstream.dll
0x00007ffeb2ba0000 - 0x00007ffeb2d1e000 	C:\Users\masao\Desktop\Vivado\2018.3\lib\win64.o\librdi_board.dll
0x00007ffebb9c0000 - 0x00007ffebba2a000 	C:\Users\masao\Desktop\Vivado\2018.3\lib\win64.o\librdi_boarddep.dll
0x00007ffeb4e40000 - 0x00007ffeb4f1c000 	C:\Users\masao\Desktop\Vivado\2018.3\lib\win64.o\librdi_chipscope.dll
0x00007ffeafb00000 - 0x00007ffeafcb9000 	C:\Users\masao\Desktop\Vivado\2018.3\lib\win64.o\librdi_chipscopeimpl.dll
0x00007ffeaf450000 - 0x00007ffeaf598000 	C:\Users\masao\Desktop\Vivado\2018.3\lib\win64.o\librdi_containers.dll
0x00007ffe9f210000 - 0x00007ffe9f8ea000 	C:\Users\masao\Desktop\Vivado\2018.3\lib\win64.o\librdi_coregenipxact.dll
0x00007ffe91720000 - 0x00007ffe93025000 	C:\Users\masao\Desktop\Vivado\2018.3\lib\win64.o\librdi_constraints.dll
0x00007ffe8f900000 - 0x00007ffe9171f000 	C:\Users\masao\Desktop\Vivado\2018.3\lib\win64.o\librdi_coregen.dll
0x00007ffea05d0000 - 0x00007ffea08eb000 	C:\Users\masao\Desktop\Vivado\2018.3\lib\win64.o\librdi_dlyest.dll
0x00007ffe8bb00000 - 0x00007ffe8f8fb000 	C:\Users\masao\Desktop\Vivado\2018.3\lib\win64.o\librdi_designutils.dll
0x00007ffe7a840000 - 0x00007ffe7ada0000 	C:\Users\masao\Desktop\Vivado\2018.3\lib\win64.o\librdi_drc.dll
0x00007ffeb41a0000 - 0x00007ffeb4262000 	C:\Users\masao\Desktop\Vivado\2018.3\lib\win64.o\librdi_dsp.dll
0x00007ffe7a200000 - 0x00007ffe7a83f000 	C:\Users\masao\Desktop\Vivado\2018.3\lib\win64.o\librdi_filemgmt.dll
0x00007ffe9d690000 - 0x00007ffe9d96a000 	C:\Users\masao\Desktop\Vivado\2018.3\lib\win64.o\librdi_guitools.dll
0x00007ffe7ada0000 - 0x00007ffe8baf2000 	C:\Users\masao\Desktop\Vivado\2018.3\lib\win64.o\librdi_device.dll
0x00007ffeba790000 - 0x00007ffeba7ed000 	C:\Users\masao\Desktop\Vivado\2018.3\lib\win64.o\librdi_hdf.dll
0x00007ffe78840000 - 0x00007ffe78e55000 	C:\Users\masao\Desktop\Vivado\2018.3\lib\win64.o\librdi_memdata.dll
0x00007ffe78e60000 - 0x00007ffe7a1f1000 	C:\Users\masao\Desktop\Vivado\2018.3\lib\win64.o\librdi_implflow.dll
0x00007ffeb5fc0000 - 0x00007ffeb6031000 	C:\Users\masao\Desktop\Vivado\2018.3\lib\win64.o\librdi_memoryarray.dll
0x00007ffec3ab0000 - 0x00007ffec3b00000 	C:\Users\masao\Desktop\Vivado\2018.3\lib\win64.o\librdi_pfi.dll
0x00007ffe74850000 - 0x00007ffe74e8b000 	C:\Users\masao\Desktop\Vivado\2018.3\lib\win64.o\librdi_netlist.dll
0x00007ffe72020000 - 0x00007ffe72327000 	C:\Users\masao\Desktop\Vivado\2018.3\lib\win64.o\librdi_platform.dll
0x00007ffe71920000 - 0x00007ffe72015000 	C:\Users\masao\Desktop\Vivado\2018.3\lib\win64.o\librdi_power.dll
0x00007ffe713c0000 - 0x00007ffe71916000 	C:\Users\masao\Desktop\Vivado\2018.3\lib\win64.o\librdi_project.dll
0x00007ffe705e0000 - 0x00007ffe70cb9000 	C:\Users\masao\Desktop\Vivado\2018.3\lib\win64.o\librdi_rsb.dll
0x00007ffe70cc0000 - 0x00007ffe713b3000 	C:\Users\masao\Desktop\Vivado\2018.3\lib\win64.o\librdi_psta.dll
0x00007ffe72330000 - 0x00007ffe74844000 	C:\Users\masao\Desktop\Vivado\2018.3\lib\win64.o\librdi_place.dll
0x00007ffe74e90000 - 0x00007ffe7883c000 	C:\Users\masao\Desktop\Vivado\2018.3\lib\win64.o\librdi_mig.dll
0x00007ffe70200000 - 0x00007ffe705d7000 	C:\Users\masao\Desktop\Vivado\2018.3\lib\win64.o\librdi_runs.dll
0x00007ffeadcc0000 - 0x00007ffeadd98000 	C:\Users\masao\Desktop\Vivado\2018.3\lib\win64.o\librdi_runsbase.dll
0x00007ffea73b0000 - 0x00007ffea75d8000 	C:\Users\masao\Desktop\Vivado\2018.3\lib\win64.o\librdi_simdata.dll
0x00007ffe6f470000 - 0x00007ffe701fd000 	C:\Users\masao\Desktop\Vivado\2018.3\lib\win64.o\librdi_timing.dll
0x00007ffe6f310000 - 0x00007ffe6f464000 	C:\Users\masao\Desktop\Vivado\2018.3\lib\win64.o\librdi_advchipscopeimpl.dll
0x00007ffebd890000 - 0x00007ffebd8dc000 	C:\Users\masao\Desktop\Vivado\2018.3\lib\win64.o\libboost_serialization.dll
0x00007ffeadc00000 - 0x00007ffeadcb8000 	C:\Users\masao\Desktop\Vivado\2018.3\lib\win64.o\librdi_hip_devdesign.dll
0x00007ffeb3140000 - 0x00007ffeb31eb000 	C:\Users\masao\Desktop\Vivado\2018.3\lib\win64.o\librdi_ipconfig_readwrite.dll
0x00007ffebe3c0000 - 0x00007ffebe3f8000 	C:\Users\masao\Desktop\Vivado\2018.3\lib\win64.o\librdi_noc_frameworks.dll
0x00007ffe6e7c0000 - 0x00007ffe6f307000 	C:\Users\masao\Desktop\Vivado\2018.3\lib\win64.o\libverific.dll
0x00007ffeac770000 - 0x00007ffeac80e000 	C:\Users\masao\Desktop\Vivado\2018.3\lib\win64.o\libise.dll
0x00007ffe6e400000 - 0x00007ffe6e7b5000 	C:\Users\masao\Desktop\Vivado\2018.3\lib\win64.o\librdi_hip_config.dll

VM Arguments:
jvm_args: -Dsun.java2d.pmoffscreen=false -Dsun.java2d.xrender=false -Dsun.java2d.d3d=false -Dsun.awt.nopixfmt=true -Dsun.java2d.dpiaware=true -Dsun.java2d.uiScale.enabled=false -Xverify:none -Dswing.aatext=true -XX:-UsePerfData -Djdk.map.althashing.threshold=512 -XX:StringTableSize=4072 --add-opens=java.base/java.nio=ALL-UNNAMED --add-opens=java.desktop/sun.swing=ALL-UNNAMED --add-opens=java.desktop/javax.swing=ALL-UNNAMED --add-opens=java.desktop/javax.swing.tree=ALL-UNNAMED --add-opens=java.desktop/javax.swing.plaf.basic=ALL-UNNAMED --add-opens=java.desktop/javax.swing.plaf.synth=ALL-UNNAMED --add-opens=java.desktop/com.sun.awt=ALL-UNNAMED -XX:NewSize=60m -XX:MaxNewSize=60m -Xms128m -Xmx3072m -Xss5m 
java_command: <unknown>
java_class_path (initial): C:/Users/masao/Desktop/Vivado/2018.3\lib\classes\alloy.jar;C:/Users/masao/Desktop/Vivado/2018.3\lib\classes\autopilot.scelaborator.jar;C:/Users/masao/Desktop/Vivado/2018.3\lib\classes\autopilot.sourceprocessor.jar;C:/Users/masao/Desktop/Vivado/2018.3\lib\classes\autopilot.tbprocessor.jar;C:/Users/masao/Desktop/Vivado/2018.3\lib\classes\batik-anim.jar;C:/Users/masao/Desktop/Vivado/2018.3\lib\classes\batik-awt-util.jar;C:/Users/masao/Desktop/Vivado/2018.3\lib\classes\batik-bridge.jar;C:/Users/masao/Desktop/Vivado/2018.3\lib\classes\batik-codec.jar;C:/Users/masao/Desktop/Vivado/2018.3\lib\classes\batik-css.jar;C:/Users/masao/Desktop/Vivado/2018.3\lib\classes\batik-dom.jar;C:/Users/masao/Desktop/Vivado/2018.3\lib\classes\batik-ext.jar;C:/Users/masao/Desktop/Vivado/2018.3\lib\classes\batik-gui-util.jar;C:/Users/masao/Desktop/Vivado/2018.3\lib\classes\batik-gvt.jar;C:/Users/masao/Desktop/Vivado/2018.3\lib\classes\batik-parser.jar;C:/Users/masao/Desktop/Vivado/2018.3\lib\classes\batik-script.jar;C:/Users/masao/Desktop/Vivado/2018.3\lib\classes\batik-svg-dom.jar;C:/Users/masao/Desktop/Vivado/2018.3\lib\classes\batik-swing.jar;C:/Users/masao/Desktop/Vivado/2018.3\lib\classes\batik-transcoder.jar;C:/Users/masao/Desktop/Vivado/2018.3\lib\classes\batik-util.jar;C:/Users/masao/Desktop/Vivado/2018.3\lib\classes\batik-xml.jar;C:/Users/masao/Desktop/Vivado/2018.3\lib\classes\com.ibm.icu_4.4.2.v20110208.jar;C:/Users/masao/Desktop/Vivado/2018.3\lib\classes\commons-collections4-4.1.jar;C:/Users/masao/Desktop/Vivado/2018.3\lib\classes\commons-math-2.2.jar;C:/Users/masao/Desktop/Vivado/2018.3\lib\classes\dom4j-1.6.1.jar;C:/Users/masao/Desktop/Vivado/2018.3\lib\classes\guava-18.0.jar;C:/Users/masao/Desktop/Vivado/2018.3\lib\classes\help.jar;C:/Users/masao/Desktop/Vivado/2018.3\lib\classes\hsqldb.jar;C:/Users/masao/Desktop/Vivado/2018.3\lib\classes\jargs.jar;C:/Users/masao/Desktop/Vivado/2018.3\lib\classes\jaxb-api-2.3.0.jar;C:/Users/masao/Desktop/Vivado/2018.
Launcher Type: generic

Logging:
Log output configuration:
#0: stdout all=warning uptime,level,tags
#1: stderr all=off uptime,level,tags

Environment Variables:
PATH=C:/Users/masao/Desktop/Vivado/2018.3/bin;C:/Users/masao/Desktop/Vivado/2018.3/lib/win64.o;C:/Users/masao/Desktop/Vivado/2018.3/tps/win64/jre9.0.4/bin/server;C:/Users/masao/Desktop/Vivado/2018.3/tps/win64/jre9.0.4/bin;C:/Users/masao/Desktop/Vivado/2018.3/ids_lite/ISE/bin/nt64;C:/Users/masao/Desktop/Vivado/2018.3/ids_lite/ISE/lib/nt64;C:\Program Files (x86)\Intel\iCLS Client\;C:\Program Files\Intel\iCLS Client\;C:\Windows\system32;C:\Windows;C:\Windows\System32\Wbem;C:\Windows\System32\WindowsPowerShell\v1.0\;C:\Windows\System32\OpenSSH\;C:\Program Files (x86)\Intel\Intel(R) Management Engine Components\DAL;C:\Program Files\Intel\Intel(R) Management Engine Components\DAL;C:\Program Files (x86)\Intel\Intel(R) Management Engine Components\IPT;C:\Program Files\Intel\Intel(R) Management Engine Components\IPT;C:\Program Files (x86)\NVIDIA Corporation\PhysX\Common;C:\Program Files\Intel\WiFi\bin\;C:\Program Files\Common Files\Intel\WirelessCommon\;C:\Program Files\dotnet\;C:\Program Files\Java\jdk-12.0.2\bin;;%USERPROFILE%\AppData\Local\Microsoft\WindowsApps;C:/Users/masao/Desktop/Vivado/2018.3\tps\mingw\6.2.0\win64.o\nt\bin;C:/Users/masao/Desktop/Vivado/2018.3\tps\mingw\6.2.0\win64.o\nt\libexec\gcc\x86_64-w64-mingw32\6.2.0
USERNAME=masao
OS=Windows_NT
PROCESSOR_IDENTIFIER=Intel64 Family 6 Model 142 Stepping 10, GenuineIntel



---------------  S Y S T E M  ---------------

OS: Windows 10 , 64 bit Build 18362 (10.0.18362.329)

CPU:total 8 (initial active 8) (4 cores per cpu, 2 threads per core) family 6 model 142 stepping 10, cmov, cx8, fxsr, mmx, sse, sse2, sse3, ssse3, sse4.1, sse4.2, popcnt, avx, avx2, aes, clmul, erms, 3dnowpref, lzcnt, ht, tsc, tscinvbit, bmi1, bmi2, adx, fma

Memory: 4k page, physical 16632876k(9508604k free), swap 19123244k(8277832k free)

vm_info: Java HotSpot(TM) 64-Bit Server VM (9.0.4+11) for windows-amd64 JRE (9.0.4+11), built on Dec 20 2017 02:18:54 by "mach5one" with MS VC++ 12.0 (VS2013)

END.
