#-----------------------------------------------------------
# Vivado v2018.3 (64-bit)
# SW Build 2405991 on Thu Dec  6 23:38:27 MST 2018
# IP Build 2404404 on Fri Dec  7 01:43:56 MST 2018
# Start of session at: Mon Mar 16 16:38:32 2020
# Process ID: 19928
# Current directory: C:/Users/masao/Desktop/Assignment_1
# Command line: vivado.exe -gui_launcher_event rodinguilauncherevent10724 C:\Users\masao\Desktop\Assignment_1\Assignment_1.xpr
# Log file: C:/Users/masao/Desktop/Assignment_1/vivado.log
# Journal file: C:/Users/masao/Desktop/Assignment_1\vivado.jou
#-----------------------------------------------------------
start_gui
open_project C:/Users/masao/Desktop/Assignment_1/Assignment_1.xpr
Scanning sources...
Finished scanning sources
INFO: [IP_Flow 19-234] Refreshing IP repositories
INFO: [IP_Flow 19-1704] No user IP repositories specified
INFO: [IP_Flow 19-2313] Loaded Vivado IP repository 'C:/Users/masao/Desktop/Vivado/2018.3/data/ip'.
open_project: Time (s): cpu = 00:00:14 ; elapsed = 00:00:06 . Memory (MB): peak = 667.184 ; gain = 74.469
update_compile_order -fileset sources_1
export_ip_user_files -of_objects  [get_files C:/Users/masao/Desktop/Assignment_1/benchtest/cpu_tb.sv] -no_script -reset -force -quiet
remove_files  -fileset sim_1 C:/Users/masao/Desktop/Assignment_1/benchtest/cpu_tb.sv
set_property SOURCE_SET {} [get_filesets sim_1]
add_files -fileset sim_1 -norecurse C:/Users/masao/Desktop/Assignment_1/benchtest/cpu_tb.sv
WARNING: [filemgmt 56-199] Attempt to get parsing info during refresh. "On-the-fly" syntax checking information may be incorrect. [C:/Users/masao/Desktop/Assignment_1/benchtest/cpu_tb.sv:]
ERROR: [Common 17-180] Spawn failed: No error
reset_run synth_1
launch_runs synth_1 -jobs 4
[Mon Mar 16 16:41:05 2020] Launched synth_1...
Run output will be captured here: C:/Users/masao/Desktop/Assignment_1/Assignment_1.runs/synth_1/runme.log
WARNING: [filemgmt 56-199] Attempt to get parsing info during refresh. "On-the-fly" syntax checking information may be incorrect. [C:/Users/masao/Desktop/Assignment_1/benchtest/cpu_tb.sv:]
WARNING: [filemgmt 56-199] Attempt to get parsing info during refresh. "On-the-fly" syntax checking information may be incorrect. [C:/Users/masao/Desktop/Assignment_1/Assignment_1.srcs/sources_1/new/imem.sv:]
ERROR: [Common 17-180] Spawn failed: No error
WARNING: [filemgmt 56-199] Attempt to get parsing info during refresh. "On-the-fly" syntax checking information may be incorrect. [C:/Users/masao/Desktop/Assignment_1/benchtest/cpu_tb.sv:]
WARNING: [filemgmt 56-199] Attempt to get parsing info during refresh. "On-the-fly" syntax checking information may be incorrect. [C:/Users/masao/Desktop/Assignment_1/Assignment_1.srcs/sources_1/new/imem.sv:]
ERROR: [Common 17-180] Spawn failed: No error
WARNING: [filemgmt 56-199] Attempt to get parsing info during refresh. "On-the-fly" syntax checking information may be incorrect. [C:/Users/masao/Desktop/Assignment_1/benchtest/cpu_tb.sv:]
WARNING: [filemgmt 56-199] Attempt to get parsing info during refresh. "On-the-fly" syntax checking information may be incorrect. [C:/Users/masao/Desktop/Assignment_1/Assignment_1.srcs/sources_1/new/imem.sv:]
WARNING: [filemgmt 56-199] Attempt to get parsing info during refresh. "On-the-fly" syntax checking information may be incorrect. [C:/Users/masao/Desktop/Assignment_1/benchtest/cpu_tb.sv:]
WARNING: [filemgmt 56-199] Attempt to get parsing info during refresh. "On-the-fly" syntax checking information may be incorrect. [C:/Users/masao/Desktop/Assignment_1/Assignment_1.srcs/sources_1/new/imem.sv:]
ERROR: [Common 17-180] Spawn failed: No error
launch_runs impl_1 -jobs 4
[Mon Mar 16 16:41:37 2020] Launched impl_1...
Run output will be captured here: C:/Users/masao/Desktop/Assignment_1/Assignment_1.runs/impl_1/runme.log
launch_simulation
INFO: [Vivado 12-5682] Launching behavioral simulation in 'C:/Users/masao/Desktop/Assignment_1/Assignment_1.sim/sim_1/behav/xsim'
INFO: [SIM-utils-51] Simulation object is 'sim_1'
INFO: [SIM-utils-54] Inspecting design source files for 'cpu_tb' in fileset 'sim_1'...
INFO: [USF-XSim-97] Finding global include files...
INFO: [USF-XSim-98] Fetching design files from 'sim_1'...
INFO: [USF-XSim-2] XSim::Compile design
INFO: [USF-XSim-61] Executing 'COMPILE and ANALYZE' step in 'C:/Users/masao/Desktop/Assignment_1/Assignment_1.sim/sim_1/behav/xsim'
"xvlog --incr --relax -prj cpu_tb_vlog.prj"
INFO: [VRFC 10-2263] Analyzing SystemVerilog file "C:/Users/masao/Desktop/Assignment_1/benchtest/cpu_tb.sv" into library xil_defaultlib
INFO: [VRFC 10-311] analyzing module cpu_tb
INFO: [USF-XSim-69] 'compile' step finished in '2' seconds
INFO: [USF-XSim-3] XSim::Elaborate design
INFO: [USF-XSim-61] Executing 'ELABORATE' step in 'C:/Users/masao/Desktop/Assignment_1/Assignment_1.sim/sim_1/behav/xsim'
Vivado Simulator 2018.3
Copyright 1986-1999, 2001-2018 Xilinx, Inc. All Rights Reserved.
Running: C:/Users/masao/Desktop/Vivado/2018.3/bin/unwrapped/win64.o/xelab.exe -wto 21053131875a4b90af7c137fbcce6bde --incr --debug typical --relax --mt 2 -L xil_defaultlib -L unisims_ver -L unimacro_ver -L secureip --snapshot cpu_tb_behav xil_defaultlib.cpu_tb xil_defaultlib.glbl -log elaborate.log 
Using 2 slave threads.
Starting static elaboration
Completed static elaboration
Starting simulation data flow analysis
WARNING: [XSIM 43-4100] "C:/Users/masao/Desktop/Assignment_1/Assignment_1.srcs/sources_1/new/mips.v" Line 23. Module mips has a timescale but at least one module in design doesn't have timescale.
WARNING: [XSIM 43-4100] "C:/Users/masao/Desktop/Assignment_1/Assignment_1.srcs/sources_1/new/controller.sv" Line 23. Module controller has a timescale but at least one module in design doesn't have timescale.
WARNING: [XSIM 43-4100] "C:/Users/masao/Desktop/Assignment_1/Assignment_1.srcs/sources_1/new/maindec.sv" Line 23. Module maindec has a timescale but at least one module in design doesn't have timescale.
WARNING: [XSIM 43-4100] "C:/Users/masao/Desktop/Assignment_1/Assignment_1.srcs/sources_1/new/aludec.sv" Line 23. Module aludec has a timescale but at least one module in design doesn't have timescale.
WARNING: [XSIM 43-4100] "C:/Users/masao/Desktop/Assignment_1/Assignment_1.srcs/sources_1/new/datapath.sv" Line 23. Module datapath has a timescale but at least one module in design doesn't have timescale.
WARNING: [XSIM 43-4100] "C:/Users/masao/Desktop/Assignment_1/Assignment_1.srcs/sources_1/new/mux2.sv" Line 23. Module mux2(WIDTH=32) has a timescale but at least one module in design doesn't have timescale.
WARNING: [XSIM 43-4100] "C:/Users/masao/Desktop/Assignment_1/Assignment_1.srcs/sources_1/new/mux2.sv" Line 23. Module mux2(WIDTH=5) has a timescale but at least one module in design doesn't have timescale.
WARNING: [XSIM 43-4100] "C:/Users/masao/Desktop/Assignment_1/Assignment_1.srcs/sources_1/new/isjr.sv" Line 23. Module isjr has a timescale but at least one module in design doesn't have timescale.
WARNING: [XSIM 43-4100] "C:/Users/masao/Desktop/Assignment_1/Assignment_1.srcs/sources_1/new/mux2.sv" Line 23. Module mux2(WIDTH=32) has a timescale but at least one module in design doesn't have timescale.
WARNING: [XSIM 43-4100] "C:/Users/masao/Desktop/Assignment_1/Assignment_1.srcs/sources_1/new/flopr.sv" Line 23. Module flopr(WIDTH=32) has a timescale but at least one module in design doesn't have timescale.
WARNING: [XSIM 43-4100] "C:/Users/masao/Desktop/Assignment_1/Assignment_1.srcs/sources_1/new/adder.sv" Line 23. Module adder has a timescale but at least one module in design doesn't have timescale.
WARNING: [XSIM 43-4100] "C:/Users/masao/Desktop/Assignment_1/Assignment_1.srcs/sources_1/new/sl2.sv" Line 23. Module sl2 has a timescale but at least one module in design doesn't have timescale.
WARNING: [XSIM 43-4100] "C:/Users/masao/Desktop/Assignment_1/Assignment_1.srcs/sources_1/new/adder.sv" Line 23. Module adder has a timescale but at least one module in design doesn't have timescale.
WARNING: [XSIM 43-4100] "C:/Users/masao/Desktop/Assignment_1/Assignment_1.srcs/sources_1/new/mux2.sv" Line 23. Module mux2(WIDTH=32) has a timescale but at least one module in design doesn't have timescale.
WARNING: [XSIM 43-4100] "C:/Users/masao/Desktop/Assignment_1/Assignment_1.srcs/sources_1/new/mux2.sv" Line 23. Module mux2(WIDTH=32) has a timescale but at least one module in design doesn't have timescale.
WARNING: [XSIM 43-4100] "C:/Users/masao/Desktop/Assignment_1/Assignment_1.srcs/sources_1/new/shifter.sv" Line 23. Module shifter has a timescale but at least one module in design doesn't have timescale.
WARNING: [XSIM 43-4100] "C:/Users/masao/Desktop/Assignment_1/Assignment_1.srcs/sources_1/new/regfile.sv" Line 23. Module regfile has a timescale but at least one module in design doesn't have timescale.
WARNING: [XSIM 43-4100] "C:/Users/masao/Desktop/Assignment_1/Assignment_1.srcs/sources_1/new/mux2.sv" Line 23. Module mux2(WIDTH=5) has a timescale but at least one module in design doesn't have timescale.
WARNING: [XSIM 43-4100] "C:/Users/masao/Desktop/Assignment_1/Assignment_1.srcs/sources_1/new/mux2.sv" Line 23. Module mux2(WIDTH=32) has a timescale but at least one module in design doesn't have timescale.
WARNING: [XSIM 43-4100] "C:/Users/masao/Desktop/Assignment_1/Assignment_1.srcs/sources_1/new/signext.sv" Line 23. Module signext has a timescale but at least one module in design doesn't have timescale.
WARNING: [XSIM 43-4100] "C:/Users/masao/Desktop/Assignment_1/Assignment_1.srcs/sources_1/new/mux2.sv" Line 23. Module mux2(WIDTH=32) has a timescale but at least one module in design doesn't have timescale.
WARNING: [XSIM 43-4100] "C:/Users/masao/Desktop/Assignment_1/Assignment_1.srcs/sources_1/new/alu.sv" Line 23. Module alu has a timescale but at least one module in design doesn't have timescale.
WARNING: [XSIM 43-4100] "C:/Users/masao/Desktop/Assignment_1/Assignment_1.srcs/sources_1/new/imem.sv" Line 23. Module imem has a timescale but at least one module in design doesn't have timescale.
WARNING: [XSIM 43-4100] "C:/Users/masao/Desktop/Assignment_1/Assignment_1.srcs/sources_1/new/dmem.sv" Line 23. Module dmem has a timescale but at least one module in design doesn't have timescale.
WARNING: [XSIM 43-4100] "C:/Users/masao/Desktop/Assignment_1/Assignment_1.sim/sim_1/behav/xsim/glbl.v" Line 6. Module glbl has a timescale but at least one module in design doesn't have timescale.
Completed simulation data flow analysis
Time Resolution for simulation is 1ps
Compiling module xil_defaultlib.maindec
Compiling module xil_defaultlib.aludec
Compiling module xil_defaultlib.controller
Compiling module xil_defaultlib.mux2(WIDTH=32)
Compiling module xil_defaultlib.mux2(WIDTH=5)
Compiling module xil_defaultlib.isjr
Compiling module xil_defaultlib.flopr(WIDTH=32)
Compiling module xil_defaultlib.adder
Compiling module xil_defaultlib.sl2
Compiling module xil_defaultlib.shifter
Compiling module xil_defaultlib.regfile
Compiling module xil_defaultlib.signext
Compiling module xil_defaultlib.alu
Compiling module xil_defaultlib.datapath
Compiling module xil_defaultlib.mips
Compiling module xil_defaultlib.imem
Compiling module xil_defaultlib.dmem
Compiling module xil_defaultlib.cpu_tb
WARNING: [XSIM 43-3373] "C:/Users/masao/Desktop/Assignment_1/benchtest/cpu_tb.sv" Line 35. System function $fscanf is used as system task. This system function should have a LHS e.g. x=$fscanf().
WARNING: [XSIM 43-3373] "C:/Users/masao/Desktop/Assignment_1/benchtest/cpu_tb.sv" Line 53. System function $fscanf is used as system task. This system function should have a LHS e.g. x=$fscanf().
WARNING: [XSIM 43-3373] "C:/Users/masao/Desktop/Assignment_1/benchtest/cpu_tb.sv" Line 108. System function $fscanf is used as system task. This system function should have a LHS e.g. x=$fscanf().
WARNING: [XSIM 43-3373] "C:/Users/masao/Desktop/Assignment_1/benchtest/cpu_tb.sv" Line 118. System function $fscanf is used as system task. This system function should have a LHS e.g. x=$fscanf().
WARNING: [XSIM 43-3373] "C:/Users/masao/Desktop/Assignment_1/benchtest/cpu_tb.sv" Line 136. System function $fscanf is used as system task. This system function should have a LHS e.g. x=$fscanf().
Compiling module xil_defaultlib.glbl
Built simulation snapshot cpu_tb_behav
INFO: [USF-XSim-69] 'elaborate' step finished in '4' seconds
INFO: [USF-XSim-4] XSim::Simulate design
INFO: [USF-XSim-61] Executing 'SIMULATE' step in 'C:/Users/masao/Desktop/Assignment_1/Assignment_1.sim/sim_1/behav/xsim'
INFO: [USF-XSim-98] *** Running xsim
   with args "cpu_tb_behav -key {Behavioral:sim_1:Functional:cpu_tb} -tclbatch {cpu_tb.tcl} -log {simulate.log}"
INFO: [USF-XSim-8] Loading simulator feature
Vivado Simulator 2018.3
Time resolution is 1 ps
source cpu_tb.tcl
# set curr_wave [current_wave_config]
# if { [string length $curr_wave] == 0 } {
#   if { [llength [get_objects]] > 0} {
#     add_wave /
#     set_property needs_save false [current_wave_config]
#   } else {
#      send_msg_id Add_Wave-1 WARNING "No top level signals found. Simulator will start without a wave window. If you want to open a wave window go to 'File->New Waveform Configuration' or type 'create_wave_config' in the TCL console."
#   }
# }
WARNING: Simulation object /cpu_tb/summary was not traceable in the design for the following reason:
Vivado Simulator does not support tracing of System Verilog Dynamic Type object.
# run 1000ns
========== Test: ad hoc ==========
WARNING: file C:/Users/masao/Desktop/Assignment_1/benchtest/ad hoc/ad hoc.data could not be opened
========== In init ==========
         19 instructions in total
========== In runtime checker ==========
INFO: [USF-XSim-96] XSim completed. Design snapshot 'cpu_tb_behav' loaded.
INFO: [USF-XSim-97] XSim simulation ran for 1000ns
launch_simulation: Time (s): cpu = 00:00:08 ; elapsed = 00:00:10 . Memory (MB): peak = 797.582 ; gain = 42.023
open_run impl_1
INFO: [Netlist 29-17] Analyzing 48 Unisim elements for replacement
INFO: [Netlist 29-28] Unisim Transformation completed in 0 CPU seconds
INFO: [Project 1-479] Netlist was created with Vivado 2018.3
INFO: [Device 21-403] Loading part xc7a15tcsg324-1
INFO: [Project 1-570] Preparing netlist for logic optimization
Reading XDEF placement.
Reading placer database...
Reading XDEF routing.
Read XDEF File: Time (s): cpu = 00:00:00 ; elapsed = 00:00:00.141 . Memory (MB): peak = 1047.484 ; gain = 1.055
Restored from archive | CPU: 0.000000 secs | Memory: 0.000000 MB |
Finished XDEF File Restore: Time (s): cpu = 00:00:00 ; elapsed = 00:00:00.141 . Memory (MB): peak = 1047.484 ; gain = 1.055
Netlist sorting complete. Time (s): cpu = 00:00:00 ; elapsed = 00:00:00 . Memory (MB): peak = 1047.484 ; gain = 0.000
INFO: [Project 1-111] Unisim Transformation Summary:
  A total of 12 instances were transformed.
  RAM32M => RAM32M (RAMD32, RAMD32, RAMD32, RAMD32, RAMD32, RAMD32, RAMS32, RAMS32): 12 instances

open_run: Time (s): cpu = 00:00:14 ; elapsed = 00:00:09 . Memory (MB): peak = 1157.449 ; gain = 358.418
WARNING: [Timing 38-313] There are no user specified timing constraints. Timing constraints are needed for proper timing analysis.
close_sim
INFO: [Simtcl 6-16] Simulation closed
exit
INFO: [Common 17-206] Exiting Vivado at Mon Mar 16 16:43:11 2020...
