INFO: [VRFC 10-2263] Analyzing Verilog file "C:/Users/masao/Desktop/Assignment_1/Assignment_1.sim/sim_1/synth/timing/xsim/cpu_tb_time_synth.v" into library xil_defaultlib
INFO: [VRFC 10-311] analyzing module RAM32M_UNIQ_BASE_
INFO: [VRFC 10-311] analyzing module RAM32M_HD23
INFO: [VRFC 10-311] analyzing module RAM32M_HD24
INFO: [VRFC 10-311] analyzing module RAM32M_HD25
INFO: [VRFC 10-311] analyzing module RAM32M_HD26
INFO: [VRFC 10-311] analyzing module RAM32M_HD27
INFO: [VRFC 10-311] analyzing module RAM32M_HD28
INFO: [VRFC 10-311] analyzing module RAM32M_HD29
INFO: [VRFC 10-311] analyzing module RAM32M_HD30
INFO: [VRFC 10-311] analyzing module RAM32M_HD31
INFO: [VRFC 10-311] analyzing module RAM32M_HD32
INFO: [VRFC 10-311] analyzing module RAM32M_HD33
INFO: [VRFC 10-311] analyzing module adder
INFO: [VRFC 10-311] analyzing module adder_0
INFO: [VRFC 10-311] analyzing module alu
INFO: [VRFC 10-311] analyzing module datapath
INFO: [VRFC 10-311] analyzing module flopr
INFO: [VRFC 10-311] analyzing module mips
INFO: [VRFC 10-311] analyzing module regfile
INFO: [VRFC 10-311] analyzing module glbl
INFO: [VRFC 10-2263] Analyzing SystemVerilog file "C:/Users/masao/Desktop/Assignment_1/Assignment_1.srcs/sources_1/new/dmem.sv" into library xil_defaultlib
INFO: [VRFC 10-311] analyzing module dmem
INFO: [VRFC 10-2263] Analyzing SystemVerilog file "C:/Users/masao/Desktop/Assignment_1/Assignment_1.srcs/sources_1/new/imem.sv" into library xil_defaultlib
INFO: [VRFC 10-311] analyzing module imem
INFO: [VRFC 10-2263] Analyzing SystemVerilog file "C:/Users/masao/Desktop/ICS2/ICS-Spring20-Fudan-master/assignment-1/benchtest/cpu_tb.sv" into library xil_defaultlib
INFO: [VRFC 10-311] analyzing module cpu_tb
